TpTrace Verbose: 0 : 26576, 1, 2024/05/29, 16:06:05.692, 4548295599078, vstest.console.dll, Version: 17.9.0-release-24072-02 Current process architecture: X64
TpTrace Verbose: 0 : 26576, 1, 2024/05/29, 16:06:05.695, 4548295630136, vstest.console.dll, Runtime location: C:\Program Files\dotnet\shared\Microsoft.NETCore.App\8.0.5
TpTrace Verbose: 0 : 26576, 1, 2024/05/29, 16:06:05.699, 4548295673042, vstest.console.dll, ArtifactProcessingPostProcessModeProcessorExecutor.Initialize: ArtifactProcessingMode.Collect
TpTrace Verbose: 0 : 26576, 1, 2024/05/29, 16:06:05.700, 4548295674989, vstest.console.dll, TestSessionCorrelationIdProcessorModeProcessorExecutor.Initialize: TestSessionCorrelationId '28596_a4948dcc-8a20-4920-81b9-e06db5757d81'
TpTrace Information: 0 : 26576, 1, 2024/05/29, 16:06:05.713, 4548295805205, vstest.console.dll, FilePatternParser: The given file C:\Users\ZAHIRA.FAIDI\OneDrive - Akkodis\Bureau\PubAppBackEnd\PubApp\Ads.Application.UnitTests\bin\Debug\net6.0\fine-code-coverage\build-output\Ads.Application.UnitTests.dll is a full path.
TpTrace Verbose: 0 : 26576, 1, 2024/05/29, 16:06:05.721, 4548295889175, vstest.console.dll, TestPluginCache.DiscoverTestExtensions: finding test extensions in assemblies ends with: RuntimeProvider.dll TPluginInfo: Microsoft.VisualStudio.TestPlatform.Common.ExtensionFramework.Utilities.TestRuntimePluginInformation TExtension: Microsoft.VisualStudio.TestPlatform.ObjectModel.Host.ITestRuntimeProvider
TpTrace Verbose: 0 : 26576, 1, 2024/05/29, 16:06:05.721, 4548295892580, vstest.console.dll, TestPluginCache.GetExtensionPaths: Filtered extension paths: 
TpTrace Verbose: 0 : 26576, 1, 2024/05/29, 16:06:05.721, 4548295893603, vstest.console.dll, TestPluginCache.GetExtensionPaths: Added default extension paths: C:\Program Files\dotnet\sdk\8.0.204\Extensions\Microsoft.Diagnostics.NETCore.Client.dll
C:\Program Files\dotnet\sdk\8.0.204\Extensions\Microsoft.TestPlatform.Extensions.BlameDataCollector.dll
C:\Program Files\dotnet\sdk\8.0.204\Extensions\Microsoft.TestPlatform.Extensions.EventLogCollector.dll
C:\Program Files\dotnet\sdk\8.0.204\Extensions\Microsoft.TestPlatform.TestHostRuntimeProvider.dll
C:\Program Files\dotnet\sdk\8.0.204\Extensions\Microsoft.VisualStudio.TestPlatform.Extensions.Html.TestLogger.dll
C:\Program Files\dotnet\sdk\8.0.204\Extensions\Microsoft.VisualStudio.TestPlatform.Extensions.Trx.TestLogger.dll
TpTrace Verbose: 0 : 26576, 1, 2024/05/29, 16:06:05.721, 4548295894032, vstest.console.dll, TestPluginCache.GetExtensionPaths: Added unfilterableExtensionPaths: 
TpTrace Information: 0 : 26576, 1, 2024/05/29, 16:06:05.722, 4548295900639, vstest.console.dll, AssemblyResolver.ctor: Creating AssemblyResolver with searchDirectories C:\Program Files\dotnet\sdk\8.0.204\Extensions,C:\Program Files\dotnet\sdk\8.0.204
TpTrace Verbose: 0 : 26576, 1, 2024/05/29, 16:06:05.726, 4548295942618, vstest.console.dll, TestPluginCache.DiscoverTestExtensions: Discovering the extensions using extension path.
TpTrace Verbose: 0 : 26576, 1, 2024/05/29, 16:06:05.726, 4548295944635, vstest.console.dll, TestPluginCache.GetExtensionPaths: Filtered extension paths: 
TpTrace Verbose: 0 : 26576, 1, 2024/05/29, 16:06:05.727, 4548295945250, vstest.console.dll, TestPluginCache.GetExtensionPaths: Added default extension paths: C:\Program Files\dotnet\sdk\8.0.204\Extensions\Microsoft.Diagnostics.NETCore.Client.dll
C:\Program Files\dotnet\sdk\8.0.204\Extensions\Microsoft.TestPlatform.Extensions.BlameDataCollector.dll
C:\Program Files\dotnet\sdk\8.0.204\Extensions\Microsoft.TestPlatform.Extensions.EventLogCollector.dll
C:\Program Files\dotnet\sdk\8.0.204\Extensions\Microsoft.TestPlatform.TestHostRuntimeProvider.dll
C:\Program Files\dotnet\sdk\8.0.204\Extensions\Microsoft.VisualStudio.TestPlatform.Extensions.Html.TestLogger.dll
C:\Program Files\dotnet\sdk\8.0.204\Extensions\Microsoft.VisualStudio.TestPlatform.Extensions.Trx.TestLogger.dll
TpTrace Verbose: 0 : 26576, 1, 2024/05/29, 16:06:05.727, 4548295945619, vstest.console.dll, TestPluginCache.GetExtensionPaths: Added unfilterableExtensionPaths: 
TpTrace Verbose: 0 : 26576, 1, 2024/05/29, 16:06:05.727, 4548295946857, vstest.console.dll, TestPluginCache.DiscoverTestExtensions: Discovering the extensions using allExtensionPaths: C:\Program Files\dotnet\sdk\8.0.204\Extensions\Microsoft.Diagnostics.NETCore.Client.dll
C:\Program Files\dotnet\sdk\8.0.204\Extensions\Microsoft.TestPlatform.Extensions.BlameDataCollector.dll
C:\Program Files\dotnet\sdk\8.0.204\Extensions\Microsoft.TestPlatform.Extensions.EventLogCollector.dll
C:\Program Files\dotnet\sdk\8.0.204\Extensions\Microsoft.TestPlatform.TestHostRuntimeProvider.dll
C:\Program Files\dotnet\sdk\8.0.204\Extensions\Microsoft.VisualStudio.TestPlatform.Extensions.Html.TestLogger.dll
C:\Program Files\dotnet\sdk\8.0.204\Extensions\Microsoft.VisualStudio.TestPlatform.Extensions.Trx.TestLogger.dll
TpTrace Information: 0 : 26576, 1, 2024/05/29, 16:06:05.727, 4548295947997, vstest.console.dll, AssemblyResolver.AddSearchDirectories: Adding more searchDirectories C:\Program Files\dotnet\sdk\8.0.204\Extensions,C:\Program Files\dotnet\sdk\8.0.204
TpTrace Information: 0 : 26576, 1, 2024/05/29, 16:06:05.727, 4548295948634, vstest.console.dll, AssemblyResolver.AddSearchDirectories: Adding more searchDirectories C:\Program Files\dotnet\sdk\8.0.204\Extensions,C:\Program Files\dotnet\sdk\8.0.204
TpTrace Information: 0 : 26576, 1, 2024/05/29, 16:06:05.727, 4548295949029, vstest.console.dll, AssemblyResolver.AddSearchDirectories: Adding more searchDirectories C:\Program Files\dotnet\sdk\8.0.204\Extensions,C:\Program Files\dotnet\sdk\8.0.204
TpTrace Information: 0 : 26576, 1, 2024/05/29, 16:06:05.727, 4548295949387, vstest.console.dll, AssemblyResolver.AddSearchDirectories: Adding more searchDirectories C:\Program Files\dotnet\sdk\8.0.204\Extensions,C:\Program Files\dotnet\sdk\8.0.204
TpTrace Information: 0 : 26576, 1, 2024/05/29, 16:06:05.727, 4548295949781, vstest.console.dll, AssemblyResolver.AddSearchDirectories: Adding more searchDirectories C:\Program Files\dotnet\sdk\8.0.204\Extensions,C:\Program Files\dotnet\sdk\8.0.204
TpTrace Information: 0 : 26576, 1, 2024/05/29, 16:06:05.727, 4548295950140, vstest.console.dll, AssemblyResolver.AddSearchDirectories: Adding more searchDirectories C:\Program Files\dotnet\sdk\8.0.204\Extensions,C:\Program Files\dotnet\sdk\8.0.204
TpTrace Information: 0 : 26576, 1, 2024/05/29, 16:06:05.728, 4548295955132, vstest.console.dll, AssemblyResolver.OnResolve: Microsoft.Diagnostics.NETCore.Client: Resolving assembly.
TpTrace Information: 0 : 26576, 1, 2024/05/29, 16:06:05.728, 4548295956187, vstest.console.dll, AssemblyResolver.OnResolve: Microsoft.Diagnostics.NETCore.Client: Searching in: 'C:\Program Files\dotnet\sdk\8.0.204\Extensions'.
TpTrace Information: 0 : 26576, 1, 2024/05/29, 16:06:05.742, 4548296095971, vstest.console.dll, AssemblyResolver.OnResolve: Microsoft.Diagnostics.NETCore.Client: Loading assembly 'C:\Program Files\dotnet\sdk\8.0.204\Extensions\Microsoft.Diagnostics.NETCore.Client.dll'.
TpTrace Information: 0 : 26576, 1, 2024/05/29, 16:06:05.744, 4548296116132, vstest.console.dll, AssemblyResolver.OnResolve: Resolved assembly: Microsoft.Diagnostics.NETCore.Client, from path: C:\Program Files\dotnet\sdk\8.0.204\Extensions\Microsoft.Diagnostics.NETCore.Client.dll
TpTrace Verbose: 0 : 26576, 1, 2024/05/29, 16:06:05.748, 4548296163116, vstest.console.dll, MetadataReaderExtensionsHelper: Discovering extensions inside assembly 'Microsoft.Diagnostics.NETCore.Client, Version=0.2.9.2401, Culture=neutral, PublicKeyToken=31bf3856ad364e35' file path 'C:\Program Files\dotnet\sdk\8.0.204\Extensions\Microsoft.Diagnostics.NETCore.Client.dll'
TpTrace Information: 0 : 26576, 1, 2024/05/29, 16:06:05.757, 4548296250071, vstest.console.dll, AssemblyResolver.OnResolve: Microsoft.Bcl.AsyncInterfaces: Resolving assembly.
TpTrace Information: 0 : 26576, 1, 2024/05/29, 16:06:05.757, 4548296251215, vstest.console.dll, AssemblyResolver.OnResolve: Microsoft.Bcl.AsyncInterfaces: Searching in: 'C:\Program Files\dotnet\sdk\8.0.204\Extensions'.
TpTrace Information: 0 : 26576, 1, 2024/05/29, 16:06:05.757, 4548296252531, vstest.console.dll, AssemblyResolver.OnResolve: Microsoft.Bcl.AsyncInterfaces: Assembly path does not exist: 'C:\Program Files\dotnet\sdk\8.0.204\Extensions\Microsoft.Bcl.AsyncInterfaces.dll', returning.
TpTrace Information: 0 : 26576, 1, 2024/05/29, 16:06:05.757, 4548296254424, vstest.console.dll, AssemblyResolver.OnResolve: Microsoft.Bcl.AsyncInterfaces: Assembly path does not exist: 'C:\Program Files\dotnet\sdk\8.0.204\Extensions\Microsoft.Bcl.AsyncInterfaces.exe', returning.
TpTrace Information: 0 : 26576, 1, 2024/05/29, 16:06:05.758, 4548296254913, vstest.console.dll, AssemblyResolver.OnResolve: Microsoft.Bcl.AsyncInterfaces: Searching in: 'C:\Program Files\dotnet\sdk\8.0.204'.
TpTrace Information: 0 : 26576, 1, 2024/05/29, 16:06:05.758, 4548296255745, vstest.console.dll, AssemblyResolver.OnResolve: Microsoft.Bcl.AsyncInterfaces: Assembly path does not exist: 'C:\Program Files\dotnet\sdk\8.0.204\Microsoft.Bcl.AsyncInterfaces.dll', returning.
TpTrace Information: 0 : 26576, 1, 2024/05/29, 16:06:05.758, 4548296256527, vstest.console.dll, AssemblyResolver.OnResolve: Microsoft.Bcl.AsyncInterfaces: Assembly path does not exist: 'C:\Program Files\dotnet\sdk\8.0.204\Microsoft.Bcl.AsyncInterfaces.exe', returning.
TpTrace Information: 0 : 26576, 1, 2024/05/29, 16:06:05.758, 4548296256965, vstest.console.dll, AssemblyResolver.OnResolve: Microsoft.Bcl.AsyncInterfaces: Failed to load assembly.
TpTrace Verbose: 0 : 26576, 1, 2024/05/29, 16:06:05.758, 4548296257404, vstest.console.dll, CurrentDomainAssemblyResolve: Resolving assembly 'Microsoft.Bcl.AsyncInterfaces'.
TpTrace Information: 0 : 26576, 1, 2024/05/29, 16:06:05.758, 4548296258107, vstest.console.dll, AssemblyResolver.OnResolve: Microsoft.Bcl.AsyncInterfaces: Resolving assembly.
TpTrace Information: 0 : 26576, 1, 2024/05/29, 16:06:05.758, 4548296258585, vstest.console.dll, AssemblyResolver.OnResolve: Microsoft.Bcl.AsyncInterfaces: Resolved from cache.
TpTrace Verbose: 0 : 26576, 1, 2024/05/29, 16:06:05.758, 4548296258917, vstest.console.dll, CurrentDomainAssemblyResolve: Resolving assembly 'Microsoft.Bcl.AsyncInterfaces'.
TpTrace Verbose: 0 : 26576, 1, 2024/05/29, 16:06:05.758, 4548296259374, vstest.console.dll, CurrentDomainAssemblyResolve: Failed to resolve assembly 'Microsoft.Bcl.AsyncInterfaces'.
TpTrace Verbose: 0 : 26576, 1, 2024/05/29, 16:06:05.759, 4548296274670, vstest.console.dll, CurrentDomainAssemblyResolve: Failed to resolve assembly 'Microsoft.Bcl.AsyncInterfaces'.
TpTrace Warning: 0 : 26576, 1, 2024/05/29, 16:06:05.778, 4548296457684, vstest.console.dll, TestPluginDiscoverer: Failed to get types from assembly 'Microsoft.Diagnostics.NETCore.Client, Version=0.2.9.2401, Culture=neutral, PublicKeyToken=31bf3856ad364e35'. Error: System.Reflection.ReflectionTypeLoadException: Unable to load one or more of the requested types.
Could not load file or assembly 'Microsoft.Bcl.AsyncInterfaces, Version=6.0.0.0, Culture=neutral, PublicKeyToken=cc7b13ffcd2ddd51'. The system cannot find the file specified.
   at System.Reflection.RuntimeModule.GetTypes(RuntimeModule module)
   at System.Reflection.RuntimeModule.GetTypes()
   at Microsoft.VisualStudio.TestPlatform.Common.ExtensionFramework.TestPluginDiscoverer.GetTestExtensionsFromAssembly[TPluginInfo,TExtension](Assembly assembly, Dictionary`2 pluginInfos, String filePath) in /_/src/Microsoft.TestPlatform.Common/ExtensionFramework/TestPluginDiscoverer.cs:line 158
System.IO.FileNotFoundException: Could not load file or assembly 'Microsoft.Bcl.AsyncInterfaces, Version=6.0.0.0, Culture=neutral, PublicKeyToken=cc7b13ffcd2ddd51'. The system cannot find the file specified.
File name: 'Microsoft.Bcl.AsyncInterfaces, Version=6.0.0.0, Culture=neutral, PublicKeyToken=cc7b13ffcd2ddd51'
 ---> System.IO.FileNotFoundException: Could not load file or assembly 'Microsoft.Bcl.AsyncInterfaces, Culture=neutral, PublicKeyToken=null'. The system cannot find the file specified.
File name: 'Microsoft.Bcl.AsyncInterfaces, Culture=neutral, PublicKeyToken=null'
   at System.Reflection.RuntimeAssembly.InternalLoad(AssemblyName assemblyName, StackCrawlMark& stackMark, AssemblyLoadContext assemblyLoadContext, RuntimeAssembly requestingAssembly, Boolean throwOnFileNotFound)
   at System.Reflection.Assembly.Load(AssemblyName assemblyRef)
   at Microsoft.VisualStudio.TestPlatform.Common.ExtensionFramework.TestPluginCache.CurrentDomainAssemblyResolve(Object sender, AssemblyResolveEventArgs args) in /_/src/Microsoft.TestPlatform.Common/ExtensionFramework/TestPluginCache.cs:line 513
   at System.Runtime.Loader.AssemblyLoadContext.GetFirstResolvedAssemblyFromResolvingEvent(AssemblyName assemblyName)
   at System.Runtime.Loader.AssemblyLoadContext.ResolveUsingEvent(AssemblyName assemblyName)
   at System.Runtime.Loader.AssemblyLoadContext.ResolveUsingResolvingEvent(IntPtr gchManagedAssemblyLoadContext, AssemblyName assemblyName)
TpTrace Warning: 0 : 26576, 1, 2024/05/29, 16:06:05.778, 4548296462395, vstest.console.dll, LoaderExceptions: System.IO.FileNotFoundException: Could not load file or assembly 'Microsoft.Bcl.AsyncInterfaces, Version=6.0.0.0, Culture=neutral, PublicKeyToken=cc7b13ffcd2ddd51'. The system cannot find the file specified.
File name: 'Microsoft.Bcl.AsyncInterfaces, Version=6.0.0.0, Culture=neutral, PublicKeyToken=cc7b13ffcd2ddd51'
 ---> System.IO.FileNotFoundException: Could not load file or assembly 'Microsoft.Bcl.AsyncInterfaces, Culture=neutral, PublicKeyToken=null'. The system cannot find the file specified.
File name: 'Microsoft.Bcl.AsyncInterfaces, Culture=neutral, PublicKeyToken=null'
   at System.Reflection.RuntimeAssembly.InternalLoad(AssemblyName assemblyName, StackCrawlMark& stackMark, AssemblyLoadContext assemblyLoadContext, RuntimeAssembly requestingAssembly, Boolean throwOnFileNotFound)
   at System.Reflection.Assembly.Load(AssemblyName assemblyRef)
   at Microsoft.VisualStudio.TestPlatform.Common.ExtensionFramework.TestPluginCache.CurrentDomainAssemblyResolve(Object sender, AssemblyResolveEventArgs args) in /_/src/Microsoft.TestPlatform.Common/ExtensionFramework/TestPluginCache.cs:line 513
   at System.Runtime.Loader.AssemblyLoadContext.GetFirstResolvedAssemblyFromResolvingEvent(AssemblyName assemblyName)
   at System.Runtime.Loader.AssemblyLoadContext.ResolveUsingEvent(AssemblyName assemblyName)
   at System.Runtime.Loader.AssemblyLoadContext.ResolveUsingResolvingEvent(IntPtr gchManagedAssemblyLoadContext, AssemblyName assemblyName)
TpTrace Information: 0 : 26576, 1, 2024/05/29, 16:06:05.778, 4548296464092, vstest.console.dll, AssemblyResolver.OnResolve: Microsoft.TestPlatform.Extensions.BlameDataCollector: Resolving assembly.
TpTrace Information: 0 : 26576, 1, 2024/05/29, 16:06:05.778, 4548296464583, vstest.console.dll, AssemblyResolver.OnResolve: Microsoft.TestPlatform.Extensions.BlameDataCollector: Searching in: 'C:\Program Files\dotnet\sdk\8.0.204\Extensions'.
TpTrace Information: 0 : 26576, 1, 2024/05/29, 16:06:05.779, 4548296472617, vstest.console.dll, AssemblyResolver.OnResolve: Microsoft.TestPlatform.Extensions.BlameDataCollector: Loading assembly 'C:\Program Files\dotnet\sdk\8.0.204\Extensions\Microsoft.TestPlatform.Extensions.BlameDataCollector.dll'.
TpTrace Information: 0 : 26576, 1, 2024/05/29, 16:06:05.781, 4548296493017, vstest.console.dll, AssemblyResolver.OnResolve: Resolved assembly: Microsoft.TestPlatform.Extensions.BlameDataCollector, from path: C:\Program Files\dotnet\sdk\8.0.204\Extensions\Microsoft.TestPlatform.Extensions.BlameDataCollector.dll
TpTrace Verbose: 0 : 26576, 1, 2024/05/29, 16:06:05.781, 4548296494430, vstest.console.dll, MetadataReaderExtensionsHelper: Discovering extensions inside assembly 'Microsoft.TestPlatform.Extensions.BlameDataCollector, Version=15.0.0.0, Culture=neutral, PublicKeyToken=b03f5f7f11d50a3a' file path 'C:\Program Files\dotnet\sdk\8.0.204\Extensions\Microsoft.TestPlatform.Extensions.BlameDataCollector.dll'
TpTrace Information: 0 : 26576, 1, 2024/05/29, 16:06:05.783, 4548296513743, vstest.console.dll, AssemblyResolver.OnResolve: Microsoft.TestPlatform.Extensions.EventLogCollector: Resolving assembly.
TpTrace Information: 0 : 26576, 1, 2024/05/29, 16:06:05.784, 4548296515593, vstest.console.dll, AssemblyResolver.OnResolve: Microsoft.TestPlatform.Extensions.EventLogCollector: Searching in: 'C:\Program Files\dotnet\sdk\8.0.204\Extensions'.
TpTrace Information: 0 : 26576, 1, 2024/05/29, 16:06:05.785, 4548296525952, vstest.console.dll, AssemblyResolver.OnResolve: Microsoft.TestPlatform.Extensions.EventLogCollector: Loading assembly 'C:\Program Files\dotnet\sdk\8.0.204\Extensions\Microsoft.TestPlatform.Extensions.EventLogCollector.dll'.
TpTrace Information: 0 : 26576, 1, 2024/05/29, 16:06:05.786, 4548296544131, vstest.console.dll, AssemblyResolver.OnResolve: Resolved assembly: Microsoft.TestPlatform.Extensions.EventLogCollector, from path: C:\Program Files\dotnet\sdk\8.0.204\Extensions\Microsoft.TestPlatform.Extensions.EventLogCollector.dll
TpTrace Verbose: 0 : 26576, 1, 2024/05/29, 16:06:05.787, 4548296546259, vstest.console.dll, MetadataReaderExtensionsHelper: Discovering extensions inside assembly 'Microsoft.TestPlatform.Extensions.EventLogCollector, Version=15.0.0.0, Culture=neutral, PublicKeyToken=b03f5f7f11d50a3a' file path 'C:\Program Files\dotnet\sdk\8.0.204\Extensions\Microsoft.TestPlatform.Extensions.EventLogCollector.dll'
TpTrace Information: 0 : 26576, 1, 2024/05/29, 16:06:05.794, 4548296620859, vstest.console.dll, AssemblyResolver.OnResolve: Microsoft.TestPlatform.TestHostRuntimeProvider: Resolving assembly.
TpTrace Information: 0 : 26576, 1, 2024/05/29, 16:06:05.794, 4548296622039, vstest.console.dll, AssemblyResolver.OnResolve: Microsoft.TestPlatform.TestHostRuntimeProvider: Searching in: 'C:\Program Files\dotnet\sdk\8.0.204\Extensions'.
TpTrace Information: 0 : 26576, 1, 2024/05/29, 16:06:05.795, 4548296629908, vstest.console.dll, AssemblyResolver.OnResolve: Microsoft.TestPlatform.TestHostRuntimeProvider: Loading assembly 'C:\Program Files\dotnet\sdk\8.0.204\Extensions\Microsoft.TestPlatform.TestHostRuntimeProvider.dll'.
TpTrace Information: 0 : 26576, 1, 2024/05/29, 16:06:05.797, 4548296649129, vstest.console.dll, AssemblyResolver.OnResolve: Resolved assembly: Microsoft.TestPlatform.TestHostRuntimeProvider, from path: C:\Program Files\dotnet\sdk\8.0.204\Extensions\Microsoft.TestPlatform.TestHostRuntimeProvider.dll
TpTrace Verbose: 0 : 26576, 1, 2024/05/29, 16:06:05.797, 4548296650342, vstest.console.dll, MetadataReaderExtensionsHelper: Discovering extensions inside assembly 'Microsoft.TestPlatform.TestHostRuntimeProvider, Version=15.0.0.0, Culture=neutral, PublicKeyToken=b03f5f7f11d50a3a' file path 'C:\Program Files\dotnet\sdk\8.0.204\Extensions\Microsoft.TestPlatform.TestHostRuntimeProvider.dll'
TpTrace Information: 0 : 26576, 1, 2024/05/29, 16:06:05.799, 4548296671318, vstest.console.dll, GetTestExtensionFromType: Register extension with identifier data 'HostProvider://DefaultTestHost' and type 'Microsoft.VisualStudio.TestPlatform.CrossPlatEngine.Hosting.DefaultTestHostManager, Microsoft.TestPlatform.TestHostRuntimeProvider, Version=15.0.0.0, Culture=neutral, PublicKeyToken=b03f5f7f11d50a3a' inside file 'C:\Program Files\dotnet\sdk\8.0.204\Extensions\Microsoft.TestPlatform.TestHostRuntimeProvider.dll'
TpTrace Information: 0 : 26576, 1, 2024/05/29, 16:06:05.799, 4548296674624, vstest.console.dll, GetTestExtensionFromType: Register extension with identifier data 'HostProvider://DotnetTestHost' and type 'Microsoft.VisualStudio.TestPlatform.CrossPlatEngine.Hosting.DotnetTestHostManager, Microsoft.TestPlatform.TestHostRuntimeProvider, Version=15.0.0.0, Culture=neutral, PublicKeyToken=b03f5f7f11d50a3a' inside file 'C:\Program Files\dotnet\sdk\8.0.204\Extensions\Microsoft.TestPlatform.TestHostRuntimeProvider.dll'
TpTrace Information: 0 : 26576, 1, 2024/05/29, 16:06:05.800, 4548296675598, vstest.console.dll, AssemblyResolver.OnResolve: Microsoft.VisualStudio.TestPlatform.Extensions.Html.TestLogger: Resolving assembly.
TpTrace Information: 0 : 26576, 1, 2024/05/29, 16:06:05.800, 4548296676056, vstest.console.dll, AssemblyResolver.OnResolve: Microsoft.VisualStudio.TestPlatform.Extensions.Html.TestLogger: Searching in: 'C:\Program Files\dotnet\sdk\8.0.204\Extensions'.
TpTrace Information: 0 : 26576, 1, 2024/05/29, 16:06:05.800, 4548296683897, vstest.console.dll, AssemblyResolver.OnResolve: Microsoft.VisualStudio.TestPlatform.Extensions.Html.TestLogger: Loading assembly 'C:\Program Files\dotnet\sdk\8.0.204\Extensions\Microsoft.VisualStudio.TestPlatform.Extensions.Html.TestLogger.dll'.
TpTrace Information: 0 : 26576, 1, 2024/05/29, 16:06:05.802, 4548296704650, vstest.console.dll, AssemblyResolver.OnResolve: Resolved assembly: Microsoft.VisualStudio.TestPlatform.Extensions.Html.TestLogger, from path: C:\Program Files\dotnet\sdk\8.0.204\Extensions\Microsoft.VisualStudio.TestPlatform.Extensions.Html.TestLogger.dll
TpTrace Verbose: 0 : 26576, 1, 2024/05/29, 16:06:05.803, 4548296706678, vstest.console.dll, MetadataReaderExtensionsHelper: Discovering extensions inside assembly 'Microsoft.VisualStudio.TestPlatform.Extensions.Html.TestLogger, Version=15.0.0.0, Culture=neutral, PublicKeyToken=b03f5f7f11d50a3a' file path 'C:\Program Files\dotnet\sdk\8.0.204\Extensions\Microsoft.VisualStudio.TestPlatform.Extensions.Html.TestLogger.dll'
TpTrace Information: 0 : 26576, 1, 2024/05/29, 16:06:05.805, 4548296727085, vstest.console.dll, AssemblyResolver.OnResolve: Microsoft.VisualStudio.TestPlatform.Extensions.Trx.TestLogger: Resolving assembly.
TpTrace Information: 0 : 26576, 1, 2024/05/29, 16:06:05.805, 4548296728445, vstest.console.dll, AssemblyResolver.OnResolve: Microsoft.VisualStudio.TestPlatform.Extensions.Trx.TestLogger: Searching in: 'C:\Program Files\dotnet\sdk\8.0.204\Extensions'.
TpTrace Information: 0 : 26576, 1, 2024/05/29, 16:06:05.806, 4548296736434, vstest.console.dll, AssemblyResolver.OnResolve: Microsoft.VisualStudio.TestPlatform.Extensions.Trx.TestLogger: Loading assembly 'C:\Program Files\dotnet\sdk\8.0.204\Extensions\Microsoft.VisualStudio.TestPlatform.Extensions.Trx.TestLogger.dll'.
TpTrace Information: 0 : 26576, 1, 2024/05/29, 16:06:05.808, 4548296759243, vstest.console.dll, AssemblyResolver.OnResolve: Resolved assembly: Microsoft.VisualStudio.TestPlatform.Extensions.Trx.TestLogger, from path: C:\Program Files\dotnet\sdk\8.0.204\Extensions\Microsoft.VisualStudio.TestPlatform.Extensions.Trx.TestLogger.dll
TpTrace Verbose: 0 : 26576, 1, 2024/05/29, 16:06:05.808, 4548296761091, vstest.console.dll, MetadataReaderExtensionsHelper: Discovering extensions inside assembly 'Microsoft.VisualStudio.TestPlatform.Extensions.Trx.TestLogger, Version=15.0.0.0, Culture=neutral, PublicKeyToken=b03f5f7f11d50a3a' file path 'C:\Program Files\dotnet\sdk\8.0.204\Extensions\Microsoft.VisualStudio.TestPlatform.Extensions.Trx.TestLogger.dll'
TpTrace Verbose: 0 : 26576, 1, 2024/05/29, 16:06:05.810, 4548296776980, vstest.console.dll, TestPluginCache: Discovered the extensions using extension path ''.
TpTrace Verbose: 0 : 26576, 1, 2024/05/29, 16:06:05.810, 4548296778098, vstest.console.dll, TestPluginCache: Discoverers are ''.
TpTrace Verbose: 0 : 26576, 1, 2024/05/29, 16:06:05.810, 4548296778472, vstest.console.dll, TestPluginCache: Executors are ''.
TpTrace Verbose: 0 : 26576, 1, 2024/05/29, 16:06:05.810, 4548296778775, vstest.console.dll, TestPluginCache: Executors2 are ''.
TpTrace Verbose: 0 : 26576, 1, 2024/05/29, 16:06:05.810, 4548296779068, vstest.console.dll, TestPluginCache: Setting providers are ''.
TpTrace Verbose: 0 : 26576, 1, 2024/05/29, 16:06:05.810, 4548296779360, vstest.console.dll, TestPluginCache: Loggers are ''.
TpTrace Verbose: 0 : 26576, 1, 2024/05/29, 16:06:05.810, 4548296781124, vstest.console.dll, TestPluginCache: TestHosts are 'HostProvider://DefaultTestHost,HostProvider://DotnetTestHost'.
TpTrace Verbose: 0 : 26576, 1, 2024/05/29, 16:06:05.810, 4548296781674, vstest.console.dll, TestPluginCache: DataCollectors are ''.
TpTrace Information: 0 : 26576, 1, 2024/05/29, 16:06:05.831, 4548296990581, vstest.console.dll, RunTestsArgumentProcessor:Execute: Test run is starting.
TpTrace Verbose: 0 : 26576, 1, 2024/05/29, 16:06:05.831, 4548296991904, vstest.console.dll, RunTestsArgumentProcessor:Execute: Queuing Test run.
TpTrace Information: 0 : 26576, 1, 2024/05/29, 16:06:05.831, 4548296994495, vstest.console.dll, TestRequestManager.RunTests: run tests started.
TpTrace Information: 0 : 26576, 1, 2024/05/29, 16:06:05.833, 4548297013253, vstest.console.dll, AssemblyMetadataProvider.GetFrameworkName: Determined framework:'.NETCoreApp,Version=v6.0' for source: 'C:\Users\ZAHIRA.FAIDI\OneDrive - Akkodis\Bureau\PubAppBackEnd\PubApp\Ads.Application.UnitTests\bin\Debug\net6.0\fine-code-coverage\build-output\Ads.Application.UnitTests.dll'
TpTrace Information: 0 : 26576, 1, 2024/05/29, 16:06:05.834, 4548297015421, vstest.console.dll, Determined framework for all sources: .NETCoreApp,Version=v6.0
TpTrace Verbose: 0 : 26576, 1, 2024/05/29, 16:06:05.834, 4548297018764, vstest.console.dll, TestRequestManager.UpdateRunSettingsIfRequired: Default architecture: X64 IsDefaultTargetArchitecture: True, Current process architecture: X64 OperatingSystem: Windows.
TpTrace Information: 0 : 26576, 1, 2024/05/29, 16:06:05.839, 4548297067402, vstest.console.dll, AssemblyMetadataProvider.GetArchitecture: Determined architecture:AnyCPU info for assembly: C:\Users\ZAHIRA.FAIDI\OneDrive - Akkodis\Bureau\PubAppBackEnd\PubApp\Ads.Application.UnitTests\bin\Debug\net6.0\fine-code-coverage\build-output\Ads.Application.UnitTests.dll
TpTrace Information: 0 : 26576, 1, 2024/05/29, 16:06:05.839, 4548297069134, vstest.console.dll, Determined platform for source 'C:\Users\ZAHIRA.FAIDI\OneDrive - Akkodis\Bureau\PubAppBackEnd\PubApp\Ads.Application.UnitTests\bin\Debug\net6.0\fine-code-coverage\build-output\Ads.Application.UnitTests.dll' was AnyCPU and it will use the default plaform X64.
TpTrace Information: 0 : 26576, 1, 2024/05/29, 16:06:05.839, 4548297069782, vstest.console.dll, None of the sources provided any runnable platform, using the default platform: X64
TpTrace Information: 0 : 26576, 1, 2024/05/29, 16:06:05.839, 4548297071432, vstest.console.dll, Platform was updated to 'X64'.
TpTrace Information: 0 : 26576, 1, 2024/05/29, 16:06:05.843, 4548297110939, vstest.console.dll, InferRunSettingsHelper.IsTestSettingsEnabled: Unable to navigate to RunSettings/MSTest. Current node: RunSettings
TpTrace Information: 0 : 26576, 1, 2024/05/29, 16:06:05.844, 4548297118406, vstest.console.dll, AssemblyResolver.OnResolve: Microsoft.VisualStudio.TestPlatform.Fakes: Resolving assembly.
TpTrace Information: 0 : 26576, 1, 2024/05/29, 16:06:05.844, 4548297119801, vstest.console.dll, AssemblyResolver.OnResolve: Microsoft.VisualStudio.TestPlatform.Fakes: Searching in: 'C:\Program Files\dotnet\sdk\8.0.204\Extensions'.
TpTrace Information: 0 : 26576, 1, 2024/05/29, 16:06:05.844, 4548297121425, vstest.console.dll, AssemblyResolver.OnResolve: Microsoft.VisualStudio.TestPlatform.Fakes: Assembly path does not exist: 'C:\Program Files\dotnet\sdk\8.0.204\Extensions\Microsoft.VisualStudio.TestPlatform.Fakes.dll', returning.
TpTrace Information: 0 : 26576, 1, 2024/05/29, 16:06:05.844, 4548297122399, vstest.console.dll, AssemblyResolver.OnResolve: Microsoft.VisualStudio.TestPlatform.Fakes: Assembly path does not exist: 'C:\Program Files\dotnet\sdk\8.0.204\Extensions\Microsoft.VisualStudio.TestPlatform.Fakes.exe', returning.
TpTrace Information: 0 : 26576, 1, 2024/05/29, 16:06:05.844, 4548297122790, vstest.console.dll, AssemblyResolver.OnResolve: Microsoft.VisualStudio.TestPlatform.Fakes: Searching in: 'C:\Program Files\dotnet\sdk\8.0.204'.
TpTrace Information: 0 : 26576, 1, 2024/05/29, 16:06:05.844, 4548297123719, vstest.console.dll, AssemblyResolver.OnResolve: Microsoft.VisualStudio.TestPlatform.Fakes: Assembly path does not exist: 'C:\Program Files\dotnet\sdk\8.0.204\Microsoft.VisualStudio.TestPlatform.Fakes.dll', returning.
TpTrace Information: 0 : 26576, 1, 2024/05/29, 16:06:05.844, 4548297124501, vstest.console.dll, AssemblyResolver.OnResolve: Microsoft.VisualStudio.TestPlatform.Fakes: Assembly path does not exist: 'C:\Program Files\dotnet\sdk\8.0.204\Microsoft.VisualStudio.TestPlatform.Fakes.exe', returning.
TpTrace Information: 0 : 26576, 1, 2024/05/29, 16:06:05.845, 4548297124864, vstest.console.dll, AssemblyResolver.OnResolve: Microsoft.VisualStudio.TestPlatform.Fakes: Failed to load assembly.
TpTrace Information: 0 : 26576, 1, 2024/05/29, 16:06:05.845, 4548297127555, vstest.console.dll, Failed to load assembly Microsoft.VisualStudio.TestPlatform.Fakes, Version=17.0.0.0, Culture=neutral. Reason:System.IO.FileNotFoundException: Could not load file or assembly 'Microsoft.VisualStudio.TestPlatform.Fakes, Version=17.0.0.0, Culture=neutral, PublicKeyToken=null'. The system cannot find the file specified.
File name: 'Microsoft.VisualStudio.TestPlatform.Fakes, Version=17.0.0.0, Culture=neutral, PublicKeyToken=null'
   at System.Reflection.RuntimeAssembly.InternalLoad(AssemblyName assemblyName, StackCrawlMark& stackMark, AssemblyLoadContext assemblyLoadContext, RuntimeAssembly requestingAssembly, Boolean throwOnFileNotFound)
   at System.Reflection.Assembly.Load(AssemblyName assemblyRef)
   at Microsoft.VisualStudio.TestPlatform.Common.Utilities.FakesUtilities.LoadTestPlatformAssembly() in /_/src/Microsoft.TestPlatform.Common/Utilities/FakesUtilities.cs:line 272
TpTrace Verbose: 0 : 26576, 1, 2024/05/29, 16:06:05.848, 4548297162615, vstest.console.dll, TestPluginCache.DiscoverTestExtensions: finding test extensions in assemblies ends with: TestLogger.dll TPluginInfo: Microsoft.VisualStudio.TestPlatform.Common.ExtensionFramework.Utilities.TestLoggerPluginInformation TExtension: Microsoft.VisualStudio.TestPlatform.ObjectModel.Client.ITestLogger
TpTrace Verbose: 0 : 26576, 1, 2024/05/29, 16:06:05.848, 4548297163950, vstest.console.dll, TestPluginCache.GetExtensionPaths: Filtered extension paths: 
TpTrace Verbose: 0 : 26576, 1, 2024/05/29, 16:06:05.849, 4548297164956, vstest.console.dll, TestPluginCache.GetExtensionPaths: Added default extension paths: C:\Program Files\dotnet\sdk\8.0.204\Extensions\Microsoft.Diagnostics.NETCore.Client.dll
C:\Program Files\dotnet\sdk\8.0.204\Extensions\Microsoft.TestPlatform.Extensions.BlameDataCollector.dll
C:\Program Files\dotnet\sdk\8.0.204\Extensions\Microsoft.TestPlatform.Extensions.EventLogCollector.dll
C:\Program Files\dotnet\sdk\8.0.204\Extensions\Microsoft.TestPlatform.TestHostRuntimeProvider.dll
C:\Program Files\dotnet\sdk\8.0.204\Extensions\Microsoft.VisualStudio.TestPlatform.Extensions.Html.TestLogger.dll
C:\Program Files\dotnet\sdk\8.0.204\Extensions\Microsoft.VisualStudio.TestPlatform.Extensions.Trx.TestLogger.dll
TpTrace Verbose: 0 : 26576, 1, 2024/05/29, 16:06:05.849, 4548297165348, vstest.console.dll, TestPluginCache.GetExtensionPaths: Added unfilterableExtensionPaths: 
TpTrace Information: 0 : 26576, 1, 2024/05/29, 16:06:05.849, 4548297167191, vstest.console.dll, AssemblyResolver.AddSearchDirectories: Adding more searchDirectories C:\Program Files\dotnet\sdk\8.0.204\Extensions,C:\Program Files\dotnet\sdk\8.0.204
TpTrace Verbose: 0 : 26576, 1, 2024/05/29, 16:06:05.849, 4548297167704, vstest.console.dll, TestPluginCache.DiscoverTestExtensions: Discovering the extensions using extension path.
TpTrace Verbose: 0 : 26576, 1, 2024/05/29, 16:06:05.849, 4548297168104, vstest.console.dll, TestPluginCache.GetExtensionPaths: Filtered extension paths: 
TpTrace Verbose: 0 : 26576, 1, 2024/05/29, 16:06:05.849, 4548297168500, vstest.console.dll, TestPluginCache.GetExtensionPaths: Added default extension paths: C:\Program Files\dotnet\sdk\8.0.204\Extensions\Microsoft.Diagnostics.NETCore.Client.dll
C:\Program Files\dotnet\sdk\8.0.204\Extensions\Microsoft.TestPlatform.Extensions.BlameDataCollector.dll
C:\Program Files\dotnet\sdk\8.0.204\Extensions\Microsoft.TestPlatform.Extensions.EventLogCollector.dll
C:\Program Files\dotnet\sdk\8.0.204\Extensions\Microsoft.TestPlatform.TestHostRuntimeProvider.dll
C:\Program Files\dotnet\sdk\8.0.204\Extensions\Microsoft.VisualStudio.TestPlatform.Extensions.Html.TestLogger.dll
C:\Program Files\dotnet\sdk\8.0.204\Extensions\Microsoft.VisualStudio.TestPlatform.Extensions.Trx.TestLogger.dll
TpTrace Verbose: 0 : 26576, 1, 2024/05/29, 16:06:05.850, 4548297184666, vstest.console.dll, TestPluginCache.GetExtensionPaths: Added unfilterableExtensionPaths: 
TpTrace Verbose: 0 : 26576, 1, 2024/05/29, 16:06:05.851, 4548297187312, vstest.console.dll, TestPluginCache.DiscoverTestExtensions: Discovering the extensions using allExtensionPaths: C:\Program Files\dotnet\sdk\8.0.204\Extensions\Microsoft.Diagnostics.NETCore.Client.dll
C:\Program Files\dotnet\sdk\8.0.204\Extensions\Microsoft.TestPlatform.Extensions.BlameDataCollector.dll
C:\Program Files\dotnet\sdk\8.0.204\Extensions\Microsoft.TestPlatform.Extensions.EventLogCollector.dll
C:\Program Files\dotnet\sdk\8.0.204\Extensions\Microsoft.TestPlatform.TestHostRuntimeProvider.dll
C:\Program Files\dotnet\sdk\8.0.204\Extensions\Microsoft.VisualStudio.TestPlatform.Extensions.Html.TestLogger.dll
C:\Program Files\dotnet\sdk\8.0.204\Extensions\Microsoft.VisualStudio.TestPlatform.Extensions.Trx.TestLogger.dll
TpTrace Information: 0 : 26576, 1, 2024/05/29, 16:06:05.851, 4548297188499, vstest.console.dll, AssemblyResolver.AddSearchDirectories: Adding more searchDirectories C:\Program Files\dotnet\sdk\8.0.204\Extensions,C:\Program Files\dotnet\sdk\8.0.204
TpTrace Information: 0 : 26576, 1, 2024/05/29, 16:06:05.851, 4548297189069, vstest.console.dll, AssemblyResolver.AddSearchDirectories: Adding more searchDirectories C:\Program Files\dotnet\sdk\8.0.204\Extensions,C:\Program Files\dotnet\sdk\8.0.204
TpTrace Information: 0 : 26576, 1, 2024/05/29, 16:06:05.851, 4548297189468, vstest.console.dll, AssemblyResolver.AddSearchDirectories: Adding more searchDirectories C:\Program Files\dotnet\sdk\8.0.204\Extensions,C:\Program Files\dotnet\sdk\8.0.204
TpTrace Information: 0 : 26576, 1, 2024/05/29, 16:06:05.851, 4548297189853, vstest.console.dll, AssemblyResolver.AddSearchDirectories: Adding more searchDirectories C:\Program Files\dotnet\sdk\8.0.204\Extensions,C:\Program Files\dotnet\sdk\8.0.204
TpTrace Information: 0 : 26576, 1, 2024/05/29, 16:06:05.851, 4548297190202, vstest.console.dll, AssemblyResolver.AddSearchDirectories: Adding more searchDirectories C:\Program Files\dotnet\sdk\8.0.204\Extensions,C:\Program Files\dotnet\sdk\8.0.204
TpTrace Information: 0 : 26576, 1, 2024/05/29, 16:06:05.851, 4548297190557, vstest.console.dll, AssemblyResolver.AddSearchDirectories: Adding more searchDirectories C:\Program Files\dotnet\sdk\8.0.204\Extensions,C:\Program Files\dotnet\sdk\8.0.204
TpTrace Verbose: 0 : 26576, 1, 2024/05/29, 16:06:05.851, 4548297191939, vstest.console.dll, MetadataReaderExtensionsHelper: Discovering extensions inside assembly 'Microsoft.Diagnostics.NETCore.Client, Version=0.2.9.2401, Culture=neutral, PublicKeyToken=31bf3856ad364e35' file path 'C:\Program Files\dotnet\sdk\8.0.204\Extensions\Microsoft.Diagnostics.NETCore.Client.dll'
TpTrace Information: 0 : 26576, 1, 2024/05/29, 16:06:05.852, 4548297203616, vstest.console.dll, AssemblyResolver.OnResolve: Microsoft.Bcl.AsyncInterfaces: Resolving assembly.
TpTrace Information: 0 : 26576, 1, 2024/05/29, 16:06:05.852, 4548297204527, vstest.console.dll, AssemblyResolver.OnResolve: Microsoft.Bcl.AsyncInterfaces: Resolved from cache.
TpTrace Verbose: 0 : 26576, 1, 2024/05/29, 16:06:05.853, 4548297204952, vstest.console.dll, CurrentDomainAssemblyResolve: Resolving assembly 'Microsoft.Bcl.AsyncInterfaces'.
TpTrace Information: 0 : 26576, 1, 2024/05/29, 16:06:05.853, 4548297205470, vstest.console.dll, AssemblyResolver.OnResolve: Microsoft.Bcl.AsyncInterfaces: Resolving assembly.
TpTrace Information: 0 : 26576, 1, 2024/05/29, 16:06:05.853, 4548297205826, vstest.console.dll, AssemblyResolver.OnResolve: Microsoft.Bcl.AsyncInterfaces: Resolved from cache.
TpTrace Verbose: 0 : 26576, 1, 2024/05/29, 16:06:05.853, 4548297206142, vstest.console.dll, CurrentDomainAssemblyResolve: Resolving assembly 'Microsoft.Bcl.AsyncInterfaces'.
TpTrace Verbose: 0 : 26576, 1, 2024/05/29, 16:06:05.853, 4548297206451, vstest.console.dll, CurrentDomainAssemblyResolve: Failed to resolve assembly 'Microsoft.Bcl.AsyncInterfaces'.
TpTrace Verbose: 0 : 26576, 1, 2024/05/29, 16:06:05.853, 4548297207814, vstest.console.dll, CurrentDomainAssemblyResolve: Failed to resolve assembly 'Microsoft.Bcl.AsyncInterfaces'.
TpTrace Warning: 0 : 26576, 1, 2024/05/29, 16:06:05.853, 4548297211315, vstest.console.dll, TestPluginDiscoverer: Failed to get types from assembly 'Microsoft.Diagnostics.NETCore.Client, Version=0.2.9.2401, Culture=neutral, PublicKeyToken=31bf3856ad364e35'. Error: System.Reflection.ReflectionTypeLoadException: Unable to load one or more of the requested types.
Could not load file or assembly 'Microsoft.Bcl.AsyncInterfaces, Version=6.0.0.0, Culture=neutral, PublicKeyToken=cc7b13ffcd2ddd51'. The system cannot find the file specified.
   at System.Reflection.RuntimeModule.GetTypes(RuntimeModule module)
   at System.Reflection.RuntimeModule.GetTypes()
   at Microsoft.VisualStudio.TestPlatform.Common.ExtensionFramework.TestPluginDiscoverer.GetTestExtensionsFromAssembly[TPluginInfo,TExtension](Assembly assembly, Dictionary`2 pluginInfos, String filePath) in /_/src/Microsoft.TestPlatform.Common/ExtensionFramework/TestPluginDiscoverer.cs:line 158
System.IO.FileNotFoundException: Could not load file or assembly 'Microsoft.Bcl.AsyncInterfaces, Version=6.0.0.0, Culture=neutral, PublicKeyToken=cc7b13ffcd2ddd51'. The system cannot find the file specified.
File name: 'Microsoft.Bcl.AsyncInterfaces, Version=6.0.0.0, Culture=neutral, PublicKeyToken=cc7b13ffcd2ddd51'
 ---> System.IO.FileNotFoundException: Could not load file or assembly 'Microsoft.Bcl.AsyncInterfaces, Culture=neutral, PublicKeyToken=null'. The system cannot find the file specified.
File name: 'Microsoft.Bcl.AsyncInterfaces, Culture=neutral, PublicKeyToken=null'
   at System.Reflection.RuntimeAssembly.InternalLoad(AssemblyName assemblyName, StackCrawlMark& stackMark, AssemblyLoadContext assemblyLoadContext, RuntimeAssembly requestingAssembly, Boolean throwOnFileNotFound)
   at System.Reflection.Assembly.Load(AssemblyName assemblyRef)
   at Microsoft.VisualStudio.TestPlatform.Common.ExtensionFramework.TestPluginCache.CurrentDomainAssemblyResolve(Object sender, AssemblyResolveEventArgs args) in /_/src/Microsoft.TestPlatform.Common/ExtensionFramework/TestPluginCache.cs:line 513
   at System.Runtime.Loader.AssemblyLoadContext.GetFirstResolvedAssemblyFromResolvingEvent(AssemblyName assemblyName)
   at System.Runtime.Loader.AssemblyLoadContext.ResolveUsingEvent(AssemblyName assemblyName)
   at System.Runtime.Loader.AssemblyLoadContext.ResolveUsingResolvingEvent(IntPtr gchManagedAssemblyLoadContext, AssemblyName assemblyName)
TpTrace Warning: 0 : 26576, 1, 2024/05/29, 16:06:05.853, 4548297212803, vstest.console.dll, LoaderExceptions: System.IO.FileNotFoundException: Could not load file or assembly 'Microsoft.Bcl.AsyncInterfaces, Version=6.0.0.0, Culture=neutral, PublicKeyToken=cc7b13ffcd2ddd51'. The system cannot find the file specified.
File name: 'Microsoft.Bcl.AsyncInterfaces, Version=6.0.0.0, Culture=neutral, PublicKeyToken=cc7b13ffcd2ddd51'
 ---> System.IO.FileNotFoundException: Could not load file or assembly 'Microsoft.Bcl.AsyncInterfaces, Culture=neutral, PublicKeyToken=null'. The system cannot find the file specified.
File name: 'Microsoft.Bcl.AsyncInterfaces, Culture=neutral, PublicKeyToken=null'
   at System.Reflection.RuntimeAssembly.InternalLoad(AssemblyName assemblyName, StackCrawlMark& stackMark, AssemblyLoadContext assemblyLoadContext, RuntimeAssembly requestingAssembly, Boolean throwOnFileNotFound)
   at System.Reflection.Assembly.Load(AssemblyName assemblyRef)
   at Microsoft.VisualStudio.TestPlatform.Common.ExtensionFramework.TestPluginCache.CurrentDomainAssemblyResolve(Object sender, AssemblyResolveEventArgs args) in /_/src/Microsoft.TestPlatform.Common/ExtensionFramework/TestPluginCache.cs:line 513
   at System.Runtime.Loader.AssemblyLoadContext.GetFirstResolvedAssemblyFromResolvingEvent(AssemblyName assemblyName)
   at System.Runtime.Loader.AssemblyLoadContext.ResolveUsingEvent(AssemblyName assemblyName)
   at System.Runtime.Loader.AssemblyLoadContext.ResolveUsingResolvingEvent(IntPtr gchManagedAssemblyLoadContext, AssemblyName assemblyName)
TpTrace Verbose: 0 : 26576, 1, 2024/05/29, 16:06:05.853, 4548297213599, vstest.console.dll, MetadataReaderExtensionsHelper: Discovering extensions inside assembly 'Microsoft.TestPlatform.Extensions.BlameDataCollector, Version=15.0.0.0, Culture=neutral, PublicKeyToken=b03f5f7f11d50a3a' file path 'C:\Program Files\dotnet\sdk\8.0.204\Extensions\Microsoft.TestPlatform.Extensions.BlameDataCollector.dll'
TpTrace Information: 0 : 26576, 1, 2024/05/29, 16:06:05.854, 4548297223443, vstest.console.dll, GetTestExtensionFromType: Register extension with identifier data 'logger://Microsoft/TestPlatform/Extensions/Blame/v1' and type 'Microsoft.TestPlatform.Extensions.BlameDataCollector.BlameLogger, Microsoft.TestPlatform.Extensions.BlameDataCollector, Version=15.0.0.0, Culture=neutral, PublicKeyToken=b03f5f7f11d50a3a' inside file 'C:\Program Files\dotnet\sdk\8.0.204\Extensions\Microsoft.TestPlatform.Extensions.BlameDataCollector.dll'
TpTrace Verbose: 0 : 26576, 1, 2024/05/29, 16:06:05.854, 4548297224565, vstest.console.dll, MetadataReaderExtensionsHelper: Discovering extensions inside assembly 'Microsoft.TestPlatform.Extensions.EventLogCollector, Version=15.0.0.0, Culture=neutral, PublicKeyToken=b03f5f7f11d50a3a' file path 'C:\Program Files\dotnet\sdk\8.0.204\Extensions\Microsoft.TestPlatform.Extensions.EventLogCollector.dll'
TpTrace Verbose: 0 : 26576, 1, 2024/05/29, 16:06:05.855, 4548297232649, vstest.console.dll, MetadataReaderExtensionsHelper: Discovering extensions inside assembly 'Microsoft.TestPlatform.TestHostRuntimeProvider, Version=15.0.0.0, Culture=neutral, PublicKeyToken=b03f5f7f11d50a3a' file path 'C:\Program Files\dotnet\sdk\8.0.204\Extensions\Microsoft.TestPlatform.TestHostRuntimeProvider.dll'
TpTrace Verbose: 0 : 26576, 1, 2024/05/29, 16:06:05.856, 4548297242613, vstest.console.dll, MetadataReaderExtensionsHelper: Discovering extensions inside assembly 'Microsoft.VisualStudio.TestPlatform.Extensions.Html.TestLogger, Version=15.0.0.0, Culture=neutral, PublicKeyToken=b03f5f7f11d50a3a' file path 'C:\Program Files\dotnet\sdk\8.0.204\Extensions\Microsoft.VisualStudio.TestPlatform.Extensions.Html.TestLogger.dll'
TpTrace Information: 0 : 26576, 1, 2024/05/29, 16:06:05.857, 4548297254090, vstest.console.dll, GetTestExtensionFromType: Register extension with identifier data 'logger://Microsoft/TestPlatform/HtmlLogger/v1' and type 'Microsoft.VisualStudio.TestPlatform.Extensions.HtmlLogger.HtmlLogger, Microsoft.VisualStudio.TestPlatform.Extensions.Html.TestLogger, Version=15.0.0.0, Culture=neutral, PublicKeyToken=b03f5f7f11d50a3a' inside file 'C:\Program Files\dotnet\sdk\8.0.204\Extensions\Microsoft.VisualStudio.TestPlatform.Extensions.Html.TestLogger.dll'
TpTrace Verbose: 0 : 26576, 1, 2024/05/29, 16:06:05.858, 4548297255324, vstest.console.dll, MetadataReaderExtensionsHelper: Discovering extensions inside assembly 'Microsoft.VisualStudio.TestPlatform.Extensions.Trx.TestLogger, Version=15.0.0.0, Culture=neutral, PublicKeyToken=b03f5f7f11d50a3a' file path 'C:\Program Files\dotnet\sdk\8.0.204\Extensions\Microsoft.VisualStudio.TestPlatform.Extensions.Trx.TestLogger.dll'
TpTrace Information: 0 : 26576, 1, 2024/05/29, 16:06:05.859, 4548297265141, vstest.console.dll, GetTestExtensionFromType: Register extension with identifier data 'logger://Microsoft/TestPlatform/TrxLogger/v1' and type 'Microsoft.VisualStudio.TestPlatform.Extensions.TrxLogger.TrxLogger, Microsoft.VisualStudio.TestPlatform.Extensions.Trx.TestLogger, Version=15.0.0.0, Culture=neutral, PublicKeyToken=b03f5f7f11d50a3a' inside file 'C:\Program Files\dotnet\sdk\8.0.204\Extensions\Microsoft.VisualStudio.TestPlatform.Extensions.Trx.TestLogger.dll'
TpTrace Verbose: 0 : 26576, 1, 2024/05/29, 16:06:05.859, 4548297266422, vstest.console.dll, TestPluginCache: Discovered the extensions using extension path ''.
TpTrace Verbose: 0 : 26576, 1, 2024/05/29, 16:06:05.859, 4548297266835, vstest.console.dll, TestPluginCache: Discoverers are ''.
TpTrace Verbose: 0 : 26576, 1, 2024/05/29, 16:06:05.859, 4548297267141, vstest.console.dll, TestPluginCache: Executors are ''.
TpTrace Verbose: 0 : 26576, 1, 2024/05/29, 16:06:05.859, 4548297267430, vstest.console.dll, TestPluginCache: Executors2 are ''.
TpTrace Verbose: 0 : 26576, 1, 2024/05/29, 16:06:05.859, 4548297267758, vstest.console.dll, TestPluginCache: Setting providers are ''.
TpTrace Verbose: 0 : 26576, 1, 2024/05/29, 16:06:05.859, 4548297268523, vstest.console.dll, TestPluginCache: Loggers are 'logger://Microsoft/TestPlatform/Extensions/Blame/v1,logger://Microsoft/TestPlatform/HtmlLogger/v1,logger://Microsoft/TestPlatform/TrxLogger/v1'.
TpTrace Verbose: 0 : 26576, 1, 2024/05/29, 16:06:05.859, 4548297269036, vstest.console.dll, TestPluginCache: TestHosts are 'HostProvider://DefaultTestHost,HostProvider://DotnetTestHost'.
TpTrace Verbose: 0 : 26576, 1, 2024/05/29, 16:06:05.859, 4548297269367, vstest.console.dll, TestPluginCache: DataCollectors are ''.
TpTrace Information: 0 : 26576, 1, 2024/05/29, 16:06:05.860, 4548297279024, vstest.console.dll, TestPluginManager.CreateTestExtension: Attempting to load test extension: Microsoft.TestPlatform.Extensions.BlameDataCollector.BlameLogger
TpTrace Verbose: 0 : 26576, 1, 2024/05/29, 16:06:05.871, 4548297391014, vstest.console.dll, TestEngine: Initializing Parallel Execution as MaxCpuCount is set to: 1
TpTrace Information: 0 : 26576, 1, 2024/05/29, 16:06:05.872, 4548297404681, vstest.console.dll, TestPluginManager.CreateTestExtension: Attempting to load test extension: Microsoft.VisualStudio.TestPlatform.CrossPlatEngine.Hosting.DefaultTestHostManager
TpTrace Information: 0 : 26576, 1, 2024/05/29, 16:06:05.875, 4548297432739, vstest.console.dll, TestPluginManager.CreateTestExtension: Attempting to load test extension: Microsoft.VisualStudio.TestPlatform.CrossPlatEngine.Hosting.DotnetTestHostManager
TpTrace Information: 0 : 26576, 1, 2024/05/29, 16:06:05.876, 4548297438429, vstest.console.dll, InferRunSettingsHelper.IsTestSettingsEnabled: Unable to navigate to RunSettings/MSTest. Current node: RunSettings
TpTrace Verbose: 0 : 26576, 1, 2024/05/29, 16:06:05.876, 4548297444752, vstest.console.dll, ParallelOperationManager.ClearSlots: Clearing all slots. Slots should accept more work: True
TpTrace Verbose: 0 : 26576, 1, 2024/05/29, 16:06:05.877, 4548297451140, vstest.console.dll, ParallelOperationManager.SetOccupiedSlotCount: Setting slot counts AvailableSlotCount = 1, OccupiedSlotCount = 0.
TpTrace Verbose: 0 : 26576, 1, 2024/05/29, 16:06:05.877, 4548297454378, vstest.console.dll, Occupied slots:

TpTrace Verbose: 0 : 26576, 1, 2024/05/29, 16:06:05.881, 4548297492560, vstest.console.dll, TestEngine.GetExecutionManager: Chosen execution manager 'Microsoft.VisualStudio.TestPlatform.CrossPlatEngine.Client.Parallel.ParallelProxyExecutionManager, Microsoft.TestPlatform.CrossPlatEngine, Version=15.0.0.0, Culture=neutral, PublicKeyToken=b03f5f7f11d50a3a' ParallelLevel '1'.
TpTrace Verbose: 0 : 26576, 1, 2024/05/29, 16:06:05.881, 4548297494496, vstest.console.dll, TestRunRequest.ExecuteAsync: Creating test run request.
TpTrace Verbose: 0 : 26576, 1, 2024/05/29, 16:06:05.882, 4548297498447, vstest.console.dll, TestRunRequest.ExecuteAsync: Starting.
TpTrace Information: 0 : 26576, 1, 2024/05/29, 16:06:05.884, 4548297519718, vstest.console.dll, TestRunRequest.ExecuteAsync: Starting run with settings:TestRunCriteria:
   KeepAlive=False,FrequencyOfRunStatsChangeEvent=10,RunStatsChangeEventTimeout=00:00:01.5000000,TestCaseFilter=,TestExecutorLauncher=
   Settingsxml=<RunSettings>
  <RunConfiguration>
    <ResultsDirectory>C:\Users\ZAHIRA.FAIDI\OneDrive - Akkodis\Bureau\PubAppBackEnd\PubApp\Ads.Application.UnitTests\bin\Debug\net6.0\fine-code-coverage\coverage-tool-output</ResultsDirectory>
    <TargetPlatform>X64</TargetPlatform>
    <TargetFrameworkVersion>.NETCoreApp,Version=v6.0</TargetFrameworkVersion>
    <DesignMode>False</DesignMode>
    <CollectSourceInformation>False</CollectSourceInformation>
  </RunConfiguration>
  <LoggerRunSettings>
    <Loggers>
      <Logger friendlyName="blame" enabled="True" />
      <Logger friendlyName="Console" uri="logger://microsoft/TestPlatform/ConsoleLogger/v1" assemblyQualifiedName="Microsoft.VisualStudio.TestPlatform.CommandLine.Internal.ConsoleLogger, vstest.console, Version=15.0.0.0, Culture=neutral, PublicKeyToken=b03f5f7f11d50a3a" codeBase="C:\Program Files\dotnet\sdk\8.0.204\vstest.console.dll" enabled="True" />
    </Loggers>
  </LoggerRunSettings>
  <DataCollectionRunSettings>
    <DataCollectors>
      <DataCollector friendlyName="blame" enabled="True">
        <Configuration>
          <ResultsDirectory>C:\Users\ZAHIRA.FAIDI\OneDrive - Akkodis\Bureau\PubAppBackEnd\PubApp\Ads.Application.UnitTests\bin\Debug\net6.0\fine-code-coverage\coverage-tool-output</ResultsDirectory>
        </Configuration>
      </DataCollector>
    </DataCollectors>
  </DataCollectionRunSettings>
</RunSettings>

TpTrace Verbose: 0 : 26576, 1, 2024/05/29, 16:06:05.884, 4548297520994, vstest.console.dll, TestRunRequest.ExecuteAsync: Wait for the first run request is over.
TpTrace Verbose: 0 : 26576, 1, 2024/05/29, 16:06:05.885, 4548297524897, vstest.console.dll, MulticastDelegateUtilities.SafeInvoke: TestRun.TestRunStart: Invoking callbacks was skipped because there are no subscribers.
TpTrace Verbose: 0 : 26576, 4, 2024/05/29, 16:06:05.885, 4548297527453, vstest.console.dll, MulticastDelegateUtilities.SafeInvoke: InternalTestLoggerEvents.SendTestRunStart: Invoking callback 1/1 for Microsoft.VisualStudio.TestPlatform.CommandLine.Internal.ConsoleLogger., took 0 ms.
TpTrace Verbose: 0 : 26576, 1, 2024/05/29, 16:06:05.886, 4548297543036, vstest.console.dll, ParallelProxyExecutionManager: Start execution. Total sources: 1
TpTrace Verbose: 0 : 26576, 1, 2024/05/29, 16:06:05.887, 4548297548746, vstest.console.dll, ParallelOperationManager.StartWork: Starting adding 1 workloads.
TpTrace Verbose: 0 : 26576, 1, 2024/05/29, 16:06:05.887, 4548297550420, vstest.console.dll, ParallelOperationManager.ClearSlots: Clearing all slots. Slots should accept more work: True
TpTrace Verbose: 0 : 26576, 1, 2024/05/29, 16:06:05.887, 4548297551748, vstest.console.dll, ParallelOperationManager.SetOccupiedSlotCount: Setting slot counts AvailableSlotCount = 1, OccupiedSlotCount = 0.
TpTrace Verbose: 0 : 26576, 1, 2024/05/29, 16:06:05.887, 4548297552296, vstest.console.dll, Occupied slots:

TpTrace Verbose: 0 : 26576, 1, 2024/05/29, 16:06:05.890, 4548297583323, vstest.console.dll, TestRequestSender is acting as server.
TpTrace Verbose: 0 : 26576, 1, 2024/05/29, 16:06:05.892, 4548297601875, vstest.console.dll, ParallelOperationManager.RunWorkInParallel: Adding 1 workload to slot, remaining workloads 0.
TpTrace Verbose: 0 : 26576, 1, 2024/05/29, 16:06:05.892, 4548297603305, vstest.console.dll, ParallelOperationManager.SetOccupiedSlotCount: Setting slot counts AvailableSlotCount = 0, OccupiedSlotCount = 1.
TpTrace Verbose: 0 : 26576, 1, 2024/05/29, 16:06:05.893, 4548297605054, vstest.console.dll, Occupied slots:
0: C:\Users\ZAHIRA.FAIDI\OneDrive - Akkodis\Bureau\PubAppBackEnd\PubApp\Ads.Application.UnitTests\bin\Debug\net6.0\fine-code-coverage\build-output\Ads.Application.UnitTests.dll
TpTrace Verbose: 0 : 26576, 1, 2024/05/29, 16:06:05.894, 4548297622280, vstest.console.dll, ParallelOperationManager.RunWorkInParallel: Started host in slot number 0 for work (source): C:\Users\ZAHIRA.FAIDI\OneDrive - Akkodis\Bureau\PubAppBackEnd\PubApp\Ads.Application.UnitTests\bin\Debug\net6.0\fine-code-coverage\build-output\Ads.Application.UnitTests.dll.
TpTrace Verbose: 0 : 26576, 1, 2024/05/29, 16:06:05.895, 4548297633996, vstest.console.dll, ParallelOperationManager.RunWorkInParallel: We started 1 work items, which is the max parallel level. Won't start more work.
TpTrace Verbose: 0 : 26576, 1, 2024/05/29, 16:06:05.896, 4548297635704, vstest.console.dll, ParallelOperationManager.RunWorkInParallel: We started 1 work items in here, returning True.
TpTrace Verbose: 0 : 26576, 5, 2024/05/29, 16:06:05.896, 4548297635800, vstest.console.dll, ParallelProxyExecutionManager.StartTestRunOnConcurrentManager: Initializing uninitialized client. Started clients: 0
TpTrace Information: 0 : 26576, 1, 2024/05/29, 16:06:05.896, 4548297636599, vstest.console.dll, TestRunRequest.ExecuteAsync: Started.
TpTrace Verbose: 0 : 26576, 5, 2024/05/29, 16:06:05.896, 4548297639173, vstest.console.dll, DataCollectionRequestSender.InitializeCommunication : Initialize communication. 
TpTrace Verbose: 0 : 26576, 1, 2024/05/29, 16:06:05.898, 4548297656179, vstest.console.dll, TestRunRequest.WaitForCompletion: Waiting with timeout -1.
TpTrace Information: 0 : 26576, 5, 2024/05/29, 16:06:05.917, 4548297847621, vstest.console.dll, Listening on Endpoint : 127.0.0.1:57342
TpTrace Verbose: 0 : 26576, 5, 2024/05/29, 16:06:05.928, 4548297962829, vstest.console.dll, DotnetDataCollectionLauncher: Adding  --runtimeconfig "C:\Program Files\dotnet\sdk\8.0.204\datacollector.runtimeconfig.json" in args
TpTrace Verbose: 0 : 26576, 5, 2024/05/29, 16:06:05.929, 4548297965615, vstest.console.dll, DotnetDataCollectionLauncher: Adding  --depsfile "C:\Program Files\dotnet\sdk\8.0.204\datacollector.deps.json" in args
TpTrace Verbose: 0 : 26576, 5, 2024/05/29, 16:06:05.929, 4548297969539, vstest.console.dll, DotnetDataCollectionLauncher: Full path of dotnet.exe is C:\Program Files\dotnet\dotnet.exe
TpTrace Information: 0 : 26576, 5, 2024/05/29, 16:06:05.960, 4548298283772, vstest.console.dll, ProxyDataCollectionManager.Initialize: Launched datacollector processId: 24380 port: 57342
TpTrace Information: 0 : 26576, 5, 2024/05/29, 16:06:05.961, 4548298291071, vstest.console.dll, ProxyDataCollectionManager.Initialize: waiting for connection with timeout: 90 seconds
TpTrace Verbose: 0 : 26576, 5, 2024/05/29, 16:06:05.961, 4548298293810, vstest.console.dll, DataCollectionRequestSender.WaitForRequestHandlerConnection : Waiting for connection with timeout: 90000
TpTrace Verbose: 0 : 26576, 5, 2024/05/29, 16:06:06.579, 4548304467425, vstest.console.dll, SocketCommunicationManager.WaitForClientConnection took: 617 ms, with 90000 ms timeout, and finished with True.
TpTrace Verbose: 0 : 26576, 5, 2024/05/29, 16:06:06.579, 4548304470061, vstest.console.dll, ProxyDataCollectionManager.InvokeDataCollectionServiceAction: Starting.
TpTrace Information: 0 : 26576, 5, 2024/05/29, 16:06:06.579, 4548304471826, vstest.console.dll, ProxyDataCollectionManager.BeforeTestRunStart: Get environment variable and port for datacollector processId: 24380 port: 57342
TpTrace Verbose: 0 : 26576, 5, 2024/05/29, 16:06:06.579, 4548304473577, vstest.console.dll, DataCollectionRequestSender.SendBeforeTestRunStartAndGetResult: Send BeforeTestRunStart message with settingsXml <RunSettings><RunConfiguration><ResultsDirectory>C:\Users\ZAHIRA.FAIDI\OneDrive - Akkodis\Bureau\PubAppBackEnd\PubApp\Ads.Application.UnitTests\bin\Debug\net6.0\fine-code-coverage\coverage-tool-output</ResultsDirectory><TargetPlatform>X64</TargetPlatform><TargetFrameworkVersion>.NETCoreApp,Version=v6.0</TargetFrameworkVersion><DesignMode>False</DesignMode><CollectSourceInformation>False</CollectSourceInformation><TestAdaptersPaths>C:\Program Files\dotnet\sdk\8.0.204\Extensions</TestAdaptersPaths></RunConfiguration><LoggerRunSettings><Loggers><Logger friendlyName="blame" enabled="True" /><Logger friendlyName="Console" uri="logger://microsoft/TestPlatform/ConsoleLogger/v1" assemblyQualifiedName="Microsoft.VisualStudio.TestPlatform.CommandLine.Internal.ConsoleLogger, vstest.console, Version=15.0.0.0, Culture=neutral, PublicKeyToken=b03f5f7f11d50a3a" codeBase="C:\Program Files\dotnet\sdk\8.0.204\vstest.console.dll" enabled="True" /></Loggers></LoggerRunSettings><DataCollectionRunSettings><DataCollectors><DataCollector friendlyName="blame" enabled="True"><Configuration><ResultsDirectory>C:\Users\ZAHIRA.FAIDI\OneDrive - Akkodis\Bureau\PubAppBackEnd\PubApp\Ads.Application.UnitTests\bin\Debug\net6.0\fine-code-coverage\coverage-tool-output</ResultsDirectory></Configuration></DataCollector></DataCollectors></DataCollectionRunSettings></RunSettings> and sources System.Collections.Generic.List`1[System.String]: 
TpTrace Information: 0 : 26576, 7, 2024/05/29, 16:06:06.581, 4548304484938, vstest.console.dll, Using the buffer size of 16384 bytes
TpTrace Information: 0 : 26576, 7, 2024/05/29, 16:06:06.581, 4548304486605, vstest.console.dll, Accepted Client request and set the flag
TpTrace Verbose: 0 : 26576, 5, 2024/05/29, 16:06:06.750, 4548306177436, vstest.console.dll, DataCollectionRequestSender.SendBeforeTestRunStartAndGetResult: Received message: (DataCollection.SendMessage) -> {"MessageType":"DataCollection.SendMessage","Payload":{"FriendlyName":null,"Uri":null,"TestCaseId":"00000000-0000-0000-0000-000000000000","Message":"Logging DataCollector Diagnostics in file: C:\\Users\\ZAHIRA.FAIDI\\OneDrive - Akkodis\\Bureau\\PubAppBackEnd\\PubApp\\Ads.Application.UnitTests\\bin\\Debug\\net6.0\\fine-code-coverage\\coverage-tool-output\\diagnostics.datacollector.24-05-29_16-06-05_92827_5.log","Level":0}}
TpTrace Verbose: 0 : 26576, 5, 2024/05/29, 16:06:06.868, 4548307360781, vstest.console.dll, DataCollectionRequestSender.SendBeforeTestRunStartAndGetResult: Received message: (DataCollection.BeforeTestRunStartResult) -> {"MessageType":"DataCollection.BeforeTestRunStartResult","Payload":{"EnvironmentVariables":{},"DataCollectionEventsPort":57344}}
TpTrace Information: 0 : 26576, 5, 2024/05/29, 16:06:06.872, 4548307404381, vstest.console.dll, ProxyDataCollectionManager.BeforeTestRunStart: SendBeforeTestRunStartAndGetResult successful, env variable from datacollector:   and testhost port: 57344
TpTrace Information: 0 : 26576, 5, 2024/05/29, 16:06:06.873, 4548307405870, vstest.console.dll, ProxyDataCollectionManager.InvokeDataCollectionServiceAction: Completed.
TpTrace Verbose: 0 : 26576, 5, 2024/05/29, 16:06:06.873, 4548307406570, vstest.console.dll, ParallelProxyExecutionManager.StartTestRunOnConcurrentManager: Initializing test run. Started clients: 0
TpTrace Verbose: 0 : 26576, 5, 2024/05/29, 16:06:06.873, 4548307408198, vstest.console.dll, ProxyExecutionManager: Test host is always Lazy initialize.
TpTrace Verbose: 0 : 26576, 5, 2024/05/29, 16:06:06.873, 4548307411936, vstest.console.dll, TestRequestSender.InitializeCommunication: initialize communication. 
TpTrace Information: 0 : 26576, 5, 2024/05/29, 16:06:06.874, 4548307424237, vstest.console.dll, SocketServer.Start: Listening on endpoint : 127.0.0.1:57345
TpTrace Verbose: 0 : 26576, 5, 2024/05/29, 16:06:06.876, 4548307440671, vstest.console.dll, DotnetTestHostmanager.GetTestHostProcessStartInfo: Platform environment 'X64' target architecture 'X64' framework '.NETCoreApp,Version=v6.0' OS 'Windows'
TpTrace Verbose: 0 : 26576, 5, 2024/05/29, 16:06:06.876, 4548307444613, vstest.console.dll, DotnetTestHostmanager: Adding  --runtimeconfig "C:\Users\ZAHIRA.FAIDI\OneDrive - Akkodis\Bureau\PubAppBackEnd\PubApp\Ads.Application.UnitTests\bin\Debug\net6.0\fine-code-coverage\build-output\Ads.Application.UnitTests.runtimeconfig.json" in args
TpTrace Verbose: 0 : 26576, 5, 2024/05/29, 16:06:06.877, 4548307446067, vstest.console.dll, DotnetTestHostmanager: Adding  --depsfile "C:\Users\ZAHIRA.FAIDI\OneDrive - Akkodis\Bureau\PubAppBackEnd\PubApp\Ads.Application.UnitTests\bin\Debug\net6.0\fine-code-coverage\build-output\Ads.Application.UnitTests.deps.json" in args
TpTrace Verbose: 0 : 26576, 5, 2024/05/29, 16:06:06.877, 4548307448564, vstest.console.dll, DotnetTestHostmanager.IsWinOnArm: Current PROCESSOR_ARCHITECTURE from environment variable 'AMD64'
TpTrace Verbose: 0 : 26576, 5, 2024/05/29, 16:06:06.877, 4548307449412, vstest.console.dll, DotnetTestHostmanager.IsWinOnArm: Is Windows on ARM 'False'
TpTrace Verbose: 0 : 26576, 5, 2024/05/29, 16:06:06.877, 4548307450791, vstest.console.dll, DotnetTestHostManager: testhost.exe found at path: C:\Users\ZAHIRA.FAIDI\OneDrive - Akkodis\Bureau\PubAppBackEnd\PubApp\Ads.Application.UnitTests\bin\Debug\net6.0\fine-code-coverage\build-output\testhost.exe
TpTrace Verbose: 0 : 26576, 5, 2024/05/29, 16:06:06.877, 4548307451384, vstest.console.dll, DotnetTestHostmanager: Full path of host exe is C:\Users\ZAHIRA.FAIDI\OneDrive - Akkodis\Bureau\PubAppBackEnd\PubApp\Ads.Application.UnitTests\bin\Debug\net6.0\fine-code-coverage\build-output\testhost.exe
TpTrace Verbose: 0 : 26576, 5, 2024/05/29, 16:06:06.877, 4548307452801, vstest.console.dll, DotnetTestHostmanager.LaunchTestHostAsync: Found 'VSTEST_WINAPPHOST_DOTNET_ROOT' in env variables, value 'C:\Program Files\dotnet', forwarding to 'DOTNET_ROOT'
TpTrace Verbose: 0 : 26576, 5, 2024/05/29, 16:06:06.877, 4548307454278, vstest.console.dll, DotnetTestHostManager: Starting process 'C:\Users\ZAHIRA.FAIDI\OneDrive - Akkodis\Bureau\PubAppBackEnd\PubApp\Ads.Application.UnitTests\bin\Debug\net6.0\fine-code-coverage\build-output\testhost.exe' with command line ' --runtimeconfig "C:\Users\ZAHIRA.FAIDI\OneDrive - Akkodis\Bureau\PubAppBackEnd\PubApp\Ads.Application.UnitTests\bin\Debug\net6.0\fine-code-coverage\build-output\Ads.Application.UnitTests.runtimeconfig.json" --depsfile "C:\Users\ZAHIRA.FAIDI\OneDrive - Akkodis\Bureau\PubAppBackEnd\PubApp\Ads.Application.UnitTests\bin\Debug\net6.0\fine-code-coverage\build-output\Ads.Application.UnitTests.deps.json" --port 57345 --endpoint 127.0.0.1:057345 --role client --parentprocessid 26576 --diag "C:\Users\ZAHIRA.FAIDI\OneDrive - Akkodis\Bureau\PubAppBackEnd\PubApp\Ads.Application.UnitTests\bin\Debug\net6.0\fine-code-coverage\coverage-tool-output\diagnostics.host.24-05-29_16-06-06_87582_5.log" --tracelevel 4 --datacollectionport 57344 --telemetryoptedin false'
TpTrace Verbose: 0 : 26576, 5, 2024/05/29, 16:06:06.901, 4548307693859, vstest.console.dll, MulticastDelegateUtilities.SafeInvoke: HostProviderEvents.OnHostLaunched: Invoking callback 1/2 for Microsoft.VisualStudio.TestPlatform.CrossPlatEngine.Client.ProxyExecutionManagerWithDataCollection., took 1 ms.
TpTrace Verbose: 0 : 26576, 5, 2024/05/29, 16:06:06.902, 4548307699386, vstest.console.dll, Test Runtime launched
TpTrace Verbose: 0 : 26576, 5, 2024/05/29, 16:06:06.902, 4548307701465, vstest.console.dll, MulticastDelegateUtilities.SafeInvoke: HostProviderEvents.OnHostLaunched: Invoking callback 2/2 for Microsoft.VisualStudio.TestPlatform.CrossPlatEngine.Client.ProxyOperationManager., took 0 ms.
TpTrace Verbose: 0 : 26576, 5, 2024/05/29, 16:06:06.902, 4548307704434, vstest.console.dll, TestRequestSender.WaitForRequestHandlerConnection: waiting for connection with timeout: 90000.
TpTrace Verbose: 0 : 26576, 5, 2024/05/29, 16:06:07.396, 4548312637083, vstest.console.dll, TestRequestSender.WaitForRequestHandlerConnection: waiting took 493 ms, with timeout 90000 ms, and result 0, which is success.
TpTrace Verbose: 0 : 26576, 11, 2024/05/29, 16:06:07.398, 4548312657860, vstest.console.dll, MulticastDelegateUtilities.SafeInvoke: SocketServer: ClientConnected: Invoking callback 1/1 for Microsoft.VisualStudio.TestPlatform.CommunicationUtilities.TestRequestSender., took 2 ms.
TpTrace Verbose: 0 : 26576, 5, 2024/05/29, 16:06:07.398, 4548312658725, vstest.console.dll, TestRequestSender.CheckVersionWithTestHost: Sending check version message: {"MessageType":"ProtocolVersion","Payload":7}
TpTrace Verbose: 0 : 26576, 11, 2024/05/29, 16:06:07.398, 4548312660973, vstest.console.dll, SocketServer.OnClientConnected: Client connected for endPoint: 127.0.0.1:57345, starting MessageLoopAsync:
TpTrace Verbose: 0 : 26576, 11, 2024/05/29, 16:06:07.399, 4548312670675, vstest.console.dll, TcpClientExtensions.MessageLoopAsync: Polling on remoteEndPoint: 127.0.0.1:57346 localEndPoint: 127.0.0.1:57345 after 0 ms
TpTrace Verbose: 0 : 26576, 11, 2024/05/29, 16:06:07.783, 4548316508422, vstest.console.dll, TcpClientExtensions.MessageLoopAsync: NotifyDataAvailable remoteEndPoint: 127.0.0.1:57346 localEndPoint: 127.0.0.1:57345
TpTrace Verbose: 0 : 26576, 11, 2024/05/29, 16:06:07.783, 4548316512535, vstest.console.dll, TestRequestSender.CheckVersionWithTestHost: onMessageReceived received message: (ProtocolVersion) -> {"MessageType":"ProtocolVersion","Payload":5}
TpTrace Verbose: 0 : 26576, 11, 2024/05/29, 16:06:07.784, 4548316523126, vstest.console.dll, MulticastDelegateUtilities.SafeInvoke: LengthPrefixCommunicationChannel: MessageReceived: Invoking callback 1/1 for Microsoft.VisualStudio.TestPlatform.CommunicationUtilities.TestRequestSender+<>c__DisplayClass29_0., took 1 ms.
TpTrace Verbose: 0 : 26576, 11, 2024/05/29, 16:06:07.785, 4548316525407, vstest.console.dll, TcpClientExtensions.MessageLoopAsync: Polling on remoteEndPoint: 127.0.0.1:57346 localEndPoint: 127.0.0.1:57345 after 385 ms
TpTrace Verbose: 0 : 26576, 5, 2024/05/29, 16:06:07.785, 4548316525534, vstest.console.dll, TestPluginCache.GetExtensionPaths: Filtered extension paths: 
TpTrace Verbose: 0 : 26576, 5, 2024/05/29, 16:06:07.785, 4548316528524, vstest.console.dll, TestPluginCache.GetExtensionPaths: Added default extension paths: C:\Program Files\dotnet\sdk\8.0.204\Extensions\Microsoft.Diagnostics.NETCore.Client.dll
C:\Program Files\dotnet\sdk\8.0.204\Extensions\Microsoft.TestPlatform.Extensions.BlameDataCollector.dll
C:\Program Files\dotnet\sdk\8.0.204\Extensions\Microsoft.TestPlatform.Extensions.EventLogCollector.dll
C:\Program Files\dotnet\sdk\8.0.204\Extensions\Microsoft.TestPlatform.TestHostRuntimeProvider.dll
C:\Program Files\dotnet\sdk\8.0.204\Extensions\Microsoft.VisualStudio.TestPlatform.Extensions.Html.TestLogger.dll
C:\Program Files\dotnet\sdk\8.0.204\Extensions\Microsoft.VisualStudio.TestPlatform.Extensions.Trx.TestLogger.dll
TpTrace Verbose: 0 : 26576, 5, 2024/05/29, 16:06:07.785, 4548316529546, vstest.console.dll, TestPluginCache.GetExtensionPaths: Added unfilterableExtensionPaths: 
TpTrace Verbose: 0 : 26576, 5, 2024/05/29, 16:06:07.792, 4548316598751, vstest.console.dll, TestRequestSender.InitializeExecution: Sending initialize execution with message: {"Version":5,"MessageType":"TestExecution.Initialize","Payload":["C:\\Users\\ZAHIRA.FAIDI\\OneDrive - Akkodis\\Bureau\\PubAppBackEnd\\PubApp\\Ads.Application.UnitTests\\bin\\Debug\\net6.0\\fine-code-coverage\\build-output\\xunit.runner.visualstudio.dotnetcore.testadapter.dll"]}
TpTrace Verbose: 0 : 26576, 5, 2024/05/29, 16:06:07.792, 4548316602522, vstest.console.dll, ParallelProxyExecutionManager.StartTestRunOnConcurrentManager: Execution starting. Started clients: 1
TpTrace Verbose: 0 : 26576, 5, 2024/05/29, 16:06:07.793, 4548316607604, vstest.console.dll, TestRunRequest:SendTestRunMessage: Starting.
TpTrace Verbose: 0 : 26576, 5, 2024/05/29, 16:06:07.793, 4548316610916, vstest.console.dll, MulticastDelegateUtilities.SafeInvoke: TestRun.LogMessages: Invoking callback 1/1 for Microsoft.VisualStudio.TestPlatform.CommandLine.TestRunResultAggregator., took 0 ms.
TpTrace Verbose: 0 : 26576, 4, 2024/05/29, 16:06:07.793, 4548316611173, vstest.console.dll, MulticastDelegateUtilities.SafeInvoke: InternalTestLoggerEvents.SendTestRunMessage: Invoking callback 1/1 for Microsoft.VisualStudio.TestPlatform.CommandLine.Internal.ConsoleLogger., took 0 ms.
TpTrace Information: 0 : 26576, 5, 2024/05/29, 16:06:07.793, 4548316612717, vstest.console.dll, TestRunRequest:SendTestRunMessage: Completed.
TpTrace Warning: 0 : 26576, 5, 2024/05/29, 16:06:07.794, 4548316621633, vstest.console.dll, InferRunSettingsHelper.MakeRunsettingsCompatible: Removing the following settings: TargetPlatform from RunSettings file. To use those settings please move to latest version of Microsoft.NET.Test.Sdk
TpTrace Verbose: 0 : 26576, 5, 2024/05/29, 16:06:07.808, 4548316755619, vstest.console.dll, TestRequestSender.StartTestRun: Sending test run with message: {"Version":5,"MessageType":"TestExecution.StartWithSources","Payload":{"AdapterSourceMap":{"_none_":["C:\\Users\\ZAHIRA.FAIDI\\OneDrive - Akkodis\\Bureau\\PubAppBackEnd\\PubApp\\Ads.Application.UnitTests\\bin\\Debug\\net6.0\\fine-code-coverage\\build-output\\Ads.Application.UnitTests.dll"]},"RunSettings":"<RunSettings>\r\n  <RunConfiguration>\r\n    <ResultsDirectory>C:\\Users\\ZAHIRA.FAIDI\\OneDrive - Akkodis\\Bureau\\PubAppBackEnd\\PubApp\\Ads.Application.UnitTests\\bin\\Debug\\net6.0\\fine-code-coverage\\coverage-tool-output</ResultsDirectory>\r\n    <TargetFrameworkVersion>.NETCoreApp,Version=v6.0</TargetFrameworkVersion>\r\n    <DesignMode>False</DesignMode>\r\n    <CollectSourceInformation>False</CollectSourceInformation>\r\n  </RunConfiguration>\r\n  <LoggerRunSettings>\r\n    <Loggers>\r\n      <Logger friendlyName=\"blame\" enabled=\"True\" />\r\n      <Logger friendlyName=\"Console\" uri=\"logger://microsoft/TestPlatform/ConsoleLogger/v1\" assemblyQualifiedName=\"Microsoft.VisualStudio.TestPlatform.CommandLine.Internal.ConsoleLogger, vstest.console, Version=15.0.0.0, Culture=neutral, PublicKeyToken=b03f5f7f11d50a3a\" codeBase=\"C:\\Program Files\\dotnet\\sdk\\8.0.204\\vstest.console.dll\" enabled=\"True\" />\r\n    </Loggers>\r\n  </LoggerRunSettings>\r\n  <DataCollectionRunSettings>\r\n    <DataCollectors>\r\n      <DataCollector friendlyName=\"blame\" enabled=\"True\">\r\n        <Configuration>\r\n          <ResultsDirectory>C:\\Users\\ZAHIRA.FAIDI\\OneDrive - Akkodis\\Bureau\\PubAppBackEnd\\PubApp\\Ads.Application.UnitTests\\bin\\Debug\\net6.0\\fine-code-coverage\\coverage-tool-output</ResultsDirectory>\r\n        </Configuration>\r\n      </DataCollector>\r\n    </DataCollectors>\r\n  </DataCollectionRunSettings>\r\n</RunSettings>","TestExecutionContext":{"FrequencyOfRunStatsChangeEvent":10,"RunStatsChangeEventTimeout":"00:00:01.5000000","InIsolation":false,"KeepAlive":false,"AreTestCaseLevelEventsRequired":false,"IsDebug":false,"TestCaseFilter":null,"FilterOptions":null},"Package":null}}
TpTrace Verbose: 0 : 26576, 5, 2024/05/29, 16:06:07.808, 4548316761549, vstest.console.dll, ParallelProxyExecutionManager.StartTestRunOnConcurrentManager: Execution started. Started clients: 1
TpTrace Verbose: 0 : 26576, 11, 2024/05/29, 16:06:07.859, 4548317266306, vstest.console.dll, TcpClientExtensions.MessageLoopAsync: NotifyDataAvailable remoteEndPoint: 127.0.0.1:57346 localEndPoint: 127.0.0.1:57345
TpTrace Verbose: 0 : 26576, 11, 2024/05/29, 16:06:07.860, 4548317275404, vstest.console.dll, TestRequestSender.OnExecutionMessageReceived: Received message: {"Version":5,"MessageType":"TestSession.Message","Payload":{"MessageLevel":0,"Message":"Logging TestHost Diagnostics in file: C:\\Users\\ZAHIRA.FAIDI\\OneDrive - Akkodis\\Bureau\\PubAppBackEnd\\PubApp\\Ads.Application.UnitTests\\bin\\Debug\\net6.0\\fine-code-coverage\\coverage-tool-output\\diagnostics.host.24-05-29_16-06-06_87582_5.log"}}
TpTrace Verbose: 0 : 26576, 11, 2024/05/29, 16:06:07.865, 4548317333976, vstest.console.dll, TestRunRequest:SendTestRunMessage: Starting.
TpTrace Verbose: 0 : 26576, 4, 2024/05/29, 16:06:07.866, 4548317338915, vstest.console.dll, MulticastDelegateUtilities.SafeInvoke: InternalTestLoggerEvents.SendTestRunMessage: Invoking callback 1/1 for Microsoft.VisualStudio.TestPlatform.CommandLine.Internal.ConsoleLogger., took 0 ms.
TpTrace Verbose: 0 : 26576, 11, 2024/05/29, 16:06:07.866, 4548317338915, vstest.console.dll, MulticastDelegateUtilities.SafeInvoke: TestRun.LogMessages: Invoking callback 1/1 for Microsoft.VisualStudio.TestPlatform.CommandLine.TestRunResultAggregator., took 0 ms.
TpTrace Information: 0 : 26576, 11, 2024/05/29, 16:06:07.866, 4548317341036, vstest.console.dll, TestRunRequest:SendTestRunMessage: Completed.
TpTrace Verbose: 0 : 26576, 11, 2024/05/29, 16:06:07.866, 4548317341934, vstest.console.dll, MulticastDelegateUtilities.SafeInvoke: LengthPrefixCommunicationChannel: MessageReceived: Invoking callback 1/1 for Microsoft.VisualStudio.TestPlatform.CommunicationUtilities.TestRequestSender+<>c__DisplayClass34_0., took 7 ms.
TpTrace Verbose: 0 : 26576, 11, 2024/05/29, 16:06:07.866, 4548317342633, vstest.console.dll, TcpClientExtensions.MessageLoopAsync: Polling on remoteEndPoint: 127.0.0.1:57346 localEndPoint: 127.0.0.1:57345 after 81 ms
TpTrace Verbose: 0 : 26576, 11, 2024/05/29, 16:06:08.217, 4548320846653, vstest.console.dll, TcpClientExtensions.MessageLoopAsync: NotifyDataAvailable remoteEndPoint: 127.0.0.1:57346 localEndPoint: 127.0.0.1:57345
TpTrace Verbose: 0 : 26576, 11, 2024/05/29, 16:06:08.217, 4548320849541, vstest.console.dll, TestRequestSender.OnExecutionMessageReceived: Received message: {"Version":5,"MessageType":"TestSession.Message","Payload":{"MessageLevel":0,"Message":"[xUnit.net 00:00:00.00] xUnit.net VSTest Adapter v2.4.3+1b45f5407b (64-bit .NET 6.0.30)"}}
TpTrace Verbose: 0 : 26576, 11, 2024/05/29, 16:06:08.217, 4548320852701, vstest.console.dll, TestRunRequest:SendTestRunMessage: Starting.
TpTrace Verbose: 0 : 26576, 11, 2024/05/29, 16:06:08.218, 4548320855375, vstest.console.dll, MulticastDelegateUtilities.SafeInvoke: TestRun.LogMessages: Invoking callback 1/1 for Microsoft.VisualStudio.TestPlatform.CommandLine.TestRunResultAggregator., took 0 ms.
TpTrace Verbose: 0 : 26576, 4, 2024/05/29, 16:06:08.218, 4548320855436, vstest.console.dll, MulticastDelegateUtilities.SafeInvoke: InternalTestLoggerEvents.SendTestRunMessage: Invoking callback 1/1 for Microsoft.VisualStudio.TestPlatform.CommandLine.Internal.ConsoleLogger., took 0 ms.
TpTrace Information: 0 : 26576, 11, 2024/05/29, 16:06:08.218, 4548320856438, vstest.console.dll, TestRunRequest:SendTestRunMessage: Completed.
TpTrace Verbose: 0 : 26576, 11, 2024/05/29, 16:06:08.218, 4548320858727, vstest.console.dll, MulticastDelegateUtilities.SafeInvoke: LengthPrefixCommunicationChannel: MessageReceived: Invoking callback 1/1 for Microsoft.VisualStudio.TestPlatform.CommunicationUtilities.TestRequestSender+<>c__DisplayClass34_0., took 0 ms.
TpTrace Verbose: 0 : 26576, 11, 2024/05/29, 16:06:08.218, 4548320859852, vstest.console.dll, TcpClientExtensions.MessageLoopAsync: Polling on remoteEndPoint: 127.0.0.1:57346 localEndPoint: 127.0.0.1:57345 after 351 ms
TpTrace Verbose: 0 : 26576, 11, 2024/05/29, 16:06:09.229, 4548330971660, vstest.console.dll, TcpClientExtensions.MessageLoopAsync: Polling on remoteEndPoint: 127.0.0.1:57346 localEndPoint: 127.0.0.1:57345 after 1011 ms
TpTrace Verbose: 0 : 26576, 11, 2024/05/29, 16:06:10.240, 4548341082869, vstest.console.dll, TcpClientExtensions.MessageLoopAsync: Polling on remoteEndPoint: 127.0.0.1:57346 localEndPoint: 127.0.0.1:57345 after 1010 ms
TpTrace Verbose: 0 : 26576, 11, 2024/05/29, 16:06:10.662, 4548345296233, vstest.console.dll, TcpClientExtensions.MessageLoopAsync: NotifyDataAvailable remoteEndPoint: 127.0.0.1:57346 localEndPoint: 127.0.0.1:57345
TpTrace Verbose: 0 : 26576, 11, 2024/05/29, 16:06:10.662, 4548345299142, vstest.console.dll, TestRequestSender.OnExecutionMessageReceived: Received message: {"Version":5,"MessageType":"TestSession.Message","Payload":{"MessageLevel":0,"Message":"[xUnit.net 00:00:02.46]   Discovering: Ads.Application.UnitTests"}}
TpTrace Verbose: 0 : 26576, 11, 2024/05/29, 16:06:10.662, 4548345301539, vstest.console.dll, TestRunRequest:SendTestRunMessage: Starting.
TpTrace Verbose: 0 : 26576, 11, 2024/05/29, 16:06:10.662, 4548345302861, vstest.console.dll, MulticastDelegateUtilities.SafeInvoke: TestRun.LogMessages: Invoking callback 1/1 for Microsoft.VisualStudio.TestPlatform.CommandLine.TestRunResultAggregator., took 0 ms.
TpTrace Verbose: 0 : 26576, 4, 2024/05/29, 16:06:10.662, 4548345303023, vstest.console.dll, MulticastDelegateUtilities.SafeInvoke: InternalTestLoggerEvents.SendTestRunMessage: Invoking callback 1/1 for Microsoft.VisualStudio.TestPlatform.CommandLine.Internal.ConsoleLogger., took 0 ms.
TpTrace Information: 0 : 26576, 11, 2024/05/29, 16:06:10.662, 4548345303633, vstest.console.dll, TestRunRequest:SendTestRunMessage: Completed.
TpTrace Verbose: 0 : 26576, 11, 2024/05/29, 16:06:10.663, 4548345305212, vstest.console.dll, MulticastDelegateUtilities.SafeInvoke: LengthPrefixCommunicationChannel: MessageReceived: Invoking callback 1/1 for Microsoft.VisualStudio.TestPlatform.CommunicationUtilities.TestRequestSender+<>c__DisplayClass34_0., took 0 ms.
TpTrace Verbose: 0 : 26576, 11, 2024/05/29, 16:06:10.663, 4548345305921, vstest.console.dll, TcpClientExtensions.MessageLoopAsync: Polling on remoteEndPoint: 127.0.0.1:57346 localEndPoint: 127.0.0.1:57345 after 422 ms
TpTrace Verbose: 0 : 26576, 11, 2024/05/29, 16:06:10.794, 4548346615949, vstest.console.dll, TcpClientExtensions.MessageLoopAsync: NotifyDataAvailable remoteEndPoint: 127.0.0.1:57346 localEndPoint: 127.0.0.1:57345
TpTrace Verbose: 0 : 26576, 11, 2024/05/29, 16:06:10.794, 4548346618756, vstest.console.dll, TestRequestSender.OnExecutionMessageReceived: Received message: {"Version":5,"MessageType":"TestSession.Message","Payload":{"MessageLevel":0,"Message":"[xUnit.net 00:00:02.59]   Discovered:  Ads.Application.UnitTests"}}
TpTrace Verbose: 0 : 26576, 11, 2024/05/29, 16:06:10.795, 4548346627143, vstest.console.dll, TestRunRequest:SendTestRunMessage: Starting.
TpTrace Verbose: 0 : 26576, 11, 2024/05/29, 16:06:10.795, 4548346633813, vstest.console.dll, MulticastDelegateUtilities.SafeInvoke: TestRun.LogMessages: Invoking callback 1/1 for Microsoft.VisualStudio.TestPlatform.CommandLine.TestRunResultAggregator., took 0 ms.
TpTrace Information: 0 : 26576, 11, 2024/05/29, 16:06:10.796, 4548346635354, vstest.console.dll, TestRunRequest:SendTestRunMessage: Completed.
TpTrace Verbose: 0 : 26576, 11, 2024/05/29, 16:06:10.796, 4548346636112, vstest.console.dll, MulticastDelegateUtilities.SafeInvoke: LengthPrefixCommunicationChannel: MessageReceived: Invoking callback 1/1 for Microsoft.VisualStudio.TestPlatform.CommunicationUtilities.TestRequestSender+<>c__DisplayClass34_0., took 1 ms.
TpTrace Verbose: 0 : 26576, 4, 2024/05/29, 16:06:10.795, 4548346633980, vstest.console.dll, MulticastDelegateUtilities.SafeInvoke: InternalTestLoggerEvents.SendTestRunMessage: Invoking callback 1/1 for Microsoft.VisualStudio.TestPlatform.CommandLine.Internal.ConsoleLogger., took 0 ms.
TpTrace Verbose: 0 : 26576, 11, 2024/05/29, 16:06:10.796, 4548346636808, vstest.console.dll, TcpClientExtensions.MessageLoopAsync: Polling on remoteEndPoint: 127.0.0.1:57346 localEndPoint: 127.0.0.1:57345 after 133 ms
TpTrace Verbose: 0 : 26576, 11, 2024/05/29, 16:06:10.803, 4548346705262, vstest.console.dll, TcpClientExtensions.MessageLoopAsync: NotifyDataAvailable remoteEndPoint: 127.0.0.1:57346 localEndPoint: 127.0.0.1:57345
TpTrace Verbose: 0 : 26576, 11, 2024/05/29, 16:06:10.803, 4548346707051, vstest.console.dll, TestRequestSender.OnExecutionMessageReceived: Received message: {"Version":5,"MessageType":"TestSession.Message","Payload":{"MessageLevel":0,"Message":"[xUnit.net 00:00:02.60]   Starting:    Ads.Application.UnitTests"}}
TpTrace Verbose: 0 : 26576, 11, 2024/05/29, 16:06:10.803, 4548346708920, vstest.console.dll, TestRunRequest:SendTestRunMessage: Starting.
TpTrace Verbose: 0 : 26576, 4, 2024/05/29, 16:06:10.803, 4548346710037, vstest.console.dll, MulticastDelegateUtilities.SafeInvoke: InternalTestLoggerEvents.SendTestRunMessage: Invoking callback 1/1 for Microsoft.VisualStudio.TestPlatform.CommandLine.Internal.ConsoleLogger., took 0 ms.
TpTrace Verbose: 0 : 26576, 11, 2024/05/29, 16:06:10.803, 4548346709988, vstest.console.dll, MulticastDelegateUtilities.SafeInvoke: TestRun.LogMessages: Invoking callback 1/1 for Microsoft.VisualStudio.TestPlatform.CommandLine.TestRunResultAggregator., took 0 ms.
TpTrace Information: 0 : 26576, 11, 2024/05/29, 16:06:10.803, 4548346711664, vstest.console.dll, TestRunRequest:SendTestRunMessage: Completed.
TpTrace Verbose: 0 : 26576, 11, 2024/05/29, 16:06:10.803, 4548346712230, vstest.console.dll, MulticastDelegateUtilities.SafeInvoke: LengthPrefixCommunicationChannel: MessageReceived: Invoking callback 1/1 for Microsoft.VisualStudio.TestPlatform.CommunicationUtilities.TestRequestSender+<>c__DisplayClass34_0., took 0 ms.
TpTrace Verbose: 0 : 26576, 11, 2024/05/29, 16:06:10.803, 4548346712865, vstest.console.dll, TcpClientExtensions.MessageLoopAsync: Polling on remoteEndPoint: 127.0.0.1:57346 localEndPoint: 127.0.0.1:57345 after 7 ms
TpTrace Verbose: 0 : 26576, 11, 2024/05/29, 16:06:11.047, 4548349149327, vstest.console.dll, TcpClientExtensions.MessageLoopAsync: NotifyDataAvailable remoteEndPoint: 127.0.0.1:57346 localEndPoint: 127.0.0.1:57345
TpTrace Verbose: 0 : 26576, 11, 2024/05/29, 16:06:11.047, 4548349151677, vstest.console.dll, TestRequestSender.OnExecutionMessageReceived: Received message: {"Version":5,"MessageType":"TestExecution.StatsChange","Payload":{"NewTestResults":[],"TestRunStatistics":{"ExecutedTests":0,"Stats":{}},"ActiveTests":[{"Id":"4d55efd6-348d-151b-98b5-7112d8bd933d","FullyQualifiedName":"Ads.Application.UnitTests.UnitTest1.Test1","DisplayName":"Ads.Application.UnitTests.UnitTest1.Test1","ExecutorUri":"executor://xunit/VsTestRunner2/netcoreapp","Source":"C:\\Users\\ZAHIRA.FAIDI\\OneDrive - Akkodis\\Bureau\\PubAppBackEnd\\PubApp\\Ads.Application.UnitTests\\bin\\Debug\\net6.0\\fine-code-coverage\\build-output\\Ads.Application.UnitTests.dll","CodeFilePath":null,"LineNumber":0,"Properties":[]}]}}
TpTrace Verbose: 0 : 26576, 11, 2024/05/29, 16:06:11.074, 4548349423791, vstest.console.dll, TestRunRequest:SendTestRunStatsChange: Starting.
TpTrace Verbose: 0 : 26576, 11, 2024/05/29, 16:06:11.075, 4548349426146, vstest.console.dll, InProgress is Ads.Application.UnitTests.UnitTest1.Test1
TpTrace Verbose: 0 : 26576, 11, 2024/05/29, 16:06:11.075, 4548349427847, vstest.console.dll, MulticastDelegateUtilities.SafeInvoke: TestRun.RunStatsChanged: Invoking callbacks was skipped because there are no subscribers.
TpTrace Information: 0 : 26576, 11, 2024/05/29, 16:06:11.075, 4548349428428, vstest.console.dll, TestRunRequest:SendTestRunStatsChange: Completed.
TpTrace Verbose: 0 : 26576, 11, 2024/05/29, 16:06:11.075, 4548349429079, vstest.console.dll, MulticastDelegateUtilities.SafeInvoke: LengthPrefixCommunicationChannel: MessageReceived: Invoking callback 1/1 for Microsoft.VisualStudio.TestPlatform.CommunicationUtilities.TestRequestSender+<>c__DisplayClass34_0., took 27 ms.
TpTrace Verbose: 0 : 26576, 11, 2024/05/29, 16:06:11.075, 4548349429748, vstest.console.dll, TcpClientExtensions.MessageLoopAsync: Polling on remoteEndPoint: 127.0.0.1:57346 localEndPoint: 127.0.0.1:57345 after 271 ms
TpTrace Verbose: 0 : 26576, 11, 2024/05/29, 16:06:11.399, 4548352669877, vstest.console.dll, TcpClientExtensions.MessageLoopAsync: NotifyDataAvailable remoteEndPoint: 127.0.0.1:57346 localEndPoint: 127.0.0.1:57345
TpTrace Verbose: 0 : 26576, 11, 2024/05/29, 16:06:11.399, 4548352671943, vstest.console.dll, TestRequestSender.OnExecutionMessageReceived: Received message: {"Version":5,"MessageType":"TestSession.Message","Payload":{"MessageLevel":0,"Message":"[xUnit.net 00:00:03.19]   Finished:    Ads.Application.UnitTests"}}
TpTrace Verbose: 0 : 26576, 11, 2024/05/29, 16:06:11.399, 4548352674256, vstest.console.dll, TestRunRequest:SendTestRunMessage: Starting.
TpTrace Verbose: 0 : 26576, 11, 2024/05/29, 16:06:11.400, 4548352675837, vstest.console.dll, MulticastDelegateUtilities.SafeInvoke: TestRun.LogMessages: Invoking callback 1/1 for Microsoft.VisualStudio.TestPlatform.CommandLine.TestRunResultAggregator., took 0 ms.
TpTrace Information: 0 : 26576, 11, 2024/05/29, 16:06:11.400, 4548352676926, vstest.console.dll, TestRunRequest:SendTestRunMessage: Completed.
TpTrace Verbose: 0 : 26576, 11, 2024/05/29, 16:06:11.400, 4548352677609, vstest.console.dll, MulticastDelegateUtilities.SafeInvoke: LengthPrefixCommunicationChannel: MessageReceived: Invoking callback 1/1 for Microsoft.VisualStudio.TestPlatform.CommunicationUtilities.TestRequestSender+<>c__DisplayClass34_0., took 0 ms.
TpTrace Verbose: 0 : 26576, 11, 2024/05/29, 16:06:11.400, 4548352678198, vstest.console.dll, TcpClientExtensions.MessageLoopAsync: Polling on remoteEndPoint: 127.0.0.1:57346 localEndPoint: 127.0.0.1:57345 after 324 ms
TpTrace Verbose: 0 : 26576, 4, 2024/05/29, 16:06:11.400, 4548352675841, vstest.console.dll, MulticastDelegateUtilities.SafeInvoke: InternalTestLoggerEvents.SendTestRunMessage: Invoking callback 1/1 for Microsoft.VisualStudio.TestPlatform.CommandLine.Internal.ConsoleLogger., took 0 ms.
TpTrace Verbose: 0 : 26576, 11, 2024/05/29, 16:06:11.468, 4548353358124, vstest.console.dll, TcpClientExtensions.MessageLoopAsync: NotifyDataAvailable remoteEndPoint: 127.0.0.1:57346 localEndPoint: 127.0.0.1:57345
TpTrace Verbose: 0 : 26576, 11, 2024/05/29, 16:06:11.468, 4548353362010, vstest.console.dll, TestRequestSender.OnExecutionMessageReceived: Received message: {"Version":5,"MessageType":"TestExecution.Completed","Payload":{"TestRunCompleteArgs":{"TestRunStatistics":{"ExecutedTests":3,"Stats":{"Passed":3}},"IsCanceled":false,"IsAborted":false,"Error":null,"AttachmentSets":[],"ElapsedTimeInRunningTests":"00:00:03.2196955","Metrics":{}},"LastRunTests":{"NewTestResults":[{"TestCase":{"Id":"4d55efd6-348d-151b-98b5-7112d8bd933d","FullyQualifiedName":"Ads.Application.UnitTests.UnitTest1.Test1","DisplayName":"Ads.Application.UnitTests.UnitTest1.Test1","ExecutorUri":"executor://xunit/VsTestRunner2/netcoreapp","Source":"C:\\Users\\ZAHIRA.FAIDI\\OneDrive - Akkodis\\Bureau\\PubAppBackEnd\\PubApp\\Ads.Application.UnitTests\\bin\\Debug\\net6.0\\fine-code-coverage\\build-output\\Ads.Application.UnitTests.dll","CodeFilePath":null,"LineNumber":0,"Properties":[]},"Attachments":[],"Outcome":1,"ErrorMessage":null,"ErrorStackTrace":null,"DisplayName":"Ads.Application.UnitTests.UnitTest1.Test1","Messages":[],"ComputerName":"AK48797","Duration":"00:00:00.0032689","StartTime":"2024-05-29T15:06:11.1153884+00:00","EndTime":"2024-05-29T15:06:11.1154225+00:00","Properties":[]},{"TestCase":{"Id":"2bd1ac28-19e3-aa3d-0398-bbc488524f8a","FullyQualifiedName":"Ads.Application.UnitTests.Campaigns.Commands.CreateCampaign.CreateCampaignCommandHandlerTests.Handle_ShouldSetStatusToInDraft","DisplayName":"Ads.Application.UnitTests.Campaigns.Commands.CreateCampaign.CreateCampaignCommandHandlerTests.Handle_ShouldSetStatusToInDraft","ExecutorUri":"executor://xunit/VsTestRunner2/netcoreapp","Source":"C:\\Users\\ZAHIRA.FAIDI\\OneDrive - Akkodis\\Bureau\\PubAppBackEnd\\PubApp\\Ads.Application.UnitTests\\bin\\Debug\\net6.0\\fine-code-coverage\\build-output\\Ads.Application.UnitTests.dll","CodeFilePath":null,"LineNumber":0,"Properties":[]},"Attachments":[],"Outcome":1,"ErrorMessage":null,"ErrorStackTrace":null,"DisplayName":"Ads.Application.UnitTests.Campaigns.Commands.CreateCampaign.CreateCampaignCommandHandlerTests.Handle_ShouldSetStatusToInDraft","Messages":[],"ComputerName":"AK48797","Duration":"00:00:00.3146302","StartTime":"2024-05-29T15:06:11.3277281+00:00","EndTime":"2024-05-29T15:06:11.3277285+00:00","Properties":[]},{"TestCase":{"Id":"9c6aa4cc-bd9a-7052-b8b9-86870be4844d","FullyQualifiedName":"Ads.Application.UnitTests.Campaigns.Commands.CreateCampaign.CreateCampaignCommandHandlerTests.Handle_ShouldCallRepositoryInsertAsync","DisplayName":"Ads.Application.UnitTests.Campaigns.Commands.CreateCampaign.CreateCampaignCommandHandlerTests.Handle_ShouldCallRepositoryInsertAsync","ExecutorUri":"executor://xunit/VsTestRunner2/netcoreapp","Source":"C:\\Users\\ZAHIRA.FAIDI\\OneDrive - Akkodis\\Bureau\\PubAppBackEnd\\PubApp\\Ads.Application.UnitTests\\bin\\Debug\\net6.0\\fine-code-coverage\\build-output\\Ads.Application.UnitTests.dll","CodeFilePath":null,"LineNumber":0,"Properties":[]},"Attachments":[],"Outcome":1,"ErrorMessage":null,"ErrorStackTrace":null,"DisplayName":"Ads.Application.UnitTests.Campaigns.Commands.CreateCampaign.CreateCampaignCommandHandlerTests.Handle_ShouldCallRepositoryInsertAsync","Messages":[],"ComputerName":"AK48797","Duration":"00:00:00.0512046","StartTime":"2024-05-29T15:06:11.3790615+00:00","EndTime":"2024-05-29T15:06:11.3790618+00:00","Properties":[]}],"TestRunStatistics":{"ExecutedTests":3,"Stats":{"Passed":3}},"ActiveTests":[]},"RunAttachments":[],"ExecutorUris":["executor://xunit/VsTestRunner2/netcoreapp"]}}
TpTrace Verbose: 0 : 26576, 11, 2024/05/29, 16:06:11.468, 4548353364739, vstest.console.dll, TestRequestSender.EndSession: Sending end session.
TpTrace Verbose: 0 : 26576, 11, 2024/05/29, 16:06:11.469, 4548353368336, vstest.console.dll, ProxyOperationManager.Close: waiting for test host to exit for 100 ms
TpTrace Verbose: 0 : 26576, 7, 2024/05/29, 16:06:11.548, 4548354156610, vstest.console.dll, TestHostManagerCallbacks.ctor: Experimental forwarding output is disabled.
TpTrace Warning: 0 : 26576, 7, 2024/05/29, 16:06:11.548, 4548354158944, vstest.console.dll, TestHostManagerCallbacks.ErrorReceivedCallback Test host standard error line: 
TpTrace Warning: 0 : 26576, 11, 2024/05/29, 16:06:11.587, 4548354547513, vstest.console.dll, ProxyOperationManager: Timed out waiting for test host to exit. Will terminate process.
TpTrace Information: 0 : 26576, 11, 2024/05/29, 16:06:11.587, 4548354549671, vstest.console.dll, SocketServer.Stop: Stop server endPoint: 127.0.0.1:57345
TpTrace Information: 0 : 26576, 11, 2024/05/29, 16:06:11.587, 4548354550325, vstest.console.dll, SocketServer.Stop: Cancellation requested. Stopping message loop.
TpTrace Information: 0 : 26576, 11, 2024/05/29, 16:06:11.587, 4548354552543, vstest.console.dll, Closing the connection
TpTrace Verbose: 0 : 26576, 11, 2024/05/29, 16:06:11.592, 4548354597964, vstest.console.dll, TestHostProvider.ExitCallBack: Host exited starting callback.
TpTrace Information: 0 : 26576, 11, 2024/05/29, 16:06:11.592, 4548354599993, vstest.console.dll, TestHostManagerCallbacks.ExitCallBack: Testhost processId: 23316 exited with exitcode: 0 error: ''
TpTrace Verbose: 0 : 26576, 11, 2024/05/29, 16:06:11.592, 4548354600836, vstest.console.dll, DotnetTestHostManager.OnHostExited: invoking OnHostExited callback
TpTrace Verbose: 0 : 26576, 11, 2024/05/29, 16:06:11.592, 4548354601773, vstest.console.dll, CrossPlatEngine.TestHostManagerHostExited: calling on client process exit callback.
TpTrace Information: 0 : 26576, 11, 2024/05/29, 16:06:11.592, 4548354602493, vstest.console.dll, TestRequestSender.OnClientProcessExit: Test host process exited. Standard error: 
TpTrace Information: 0 : 26576, 11, 2024/05/29, 16:06:11.592, 4548354603334, vstest.console.dll, SocketServer.Stop: Stop server endPoint: 127.0.0.1:57345
TpTrace Information: 0 : 26576, 11, 2024/05/29, 16:06:11.592, 4548354604241, vstest.console.dll, SocketServer.Stop: Cancellation requested. Stopping message loop.
TpTrace Verbose: 0 : 26576, 11, 2024/05/29, 16:06:11.593, 4548354604944, vstest.console.dll, MulticastDelegateUtilities.SafeInvoke: HostProviderEvents.OnHostExited: Invoking callback 1/1 for Microsoft.VisualStudio.TestPlatform.CrossPlatEngine.Client.ProxyOperationManager., took 0 ms.
TpTrace Verbose: 0 : 26576, 11, 2024/05/29, 16:06:11.593, 4548354610758, vstest.console.dll, ProxyDataCollectionManager.InvokeDataCollectionServiceAction: Starting.
TpTrace Information: 0 : 26576, 11, 2024/05/29, 16:06:11.593, 4548354612328, vstest.console.dll, ProxyDataCollectionManager.AfterTestRunEnd: Get attachment set and invoked data collectors processId: 24380 port: 57342
TpTrace Verbose: 0 : 26576, 11, 2024/05/29, 16:06:11.594, 4548354617231, vstest.console.dll, DataCollectionRequestSender.SendAfterTestRunStartAndGetResult: Send AfterTestRunEnd message with isCancelled: False
TpTrace Verbose: 0 : 26576, 11, 2024/05/29, 16:06:11.614, 4548354817823, vstest.console.dll, DataCollectionRequestSender.SendAfterTestRunStartAndGetResult: Received message: (DataCollection.AfterTestRunEndResult) -> {"MessageType":"DataCollection.AfterTestRunEndResult","Payload":{"AttachmentSets":[],"InvokedDataCollectors":[{"Uri":"datacollector://Microsoft/TestPlatform/Extensions/Blame/v1","FriendlyName":"Blame","AssemblyQualifiedName":"Microsoft.TestPlatform.Extensions.BlameDataCollector.BlameCollector, Microsoft.TestPlatform.Extensions.BlameDataCollector, Version=15.0.0.0, Culture=neutral, PublicKeyToken=b03f5f7f11d50a3a","FilePath":"C:\\Program Files\\dotnet\\sdk\\8.0.204\\Extensions\\Microsoft.TestPlatform.Extensions.BlameDataCollector.dll","HasAttachmentProcessor":false}],"Metrics":{}}}
TpTrace Information: 0 : 26576, 11, 2024/05/29, 16:06:11.624, 4548354919130, vstest.console.dll, ProxyDataCollectionManager.InvokeDataCollectionServiceAction: Completed.
TpTrace Verbose: 0 : 26576, 11, 2024/05/29, 16:06:11.736, 4548356038790, vstest.console.dll, TestRunRequest:SendTestRunStatsChange: Starting.
TpTrace Verbose: 0 : 26576, 11, 2024/05/29, 16:06:11.736, 4548356042360, vstest.console.dll, MulticastDelegateUtilities.SafeInvoke: TestRun.RunStatsChanged: Invoking callbacks was skipped because there are no subscribers.
TpTrace Information: 0 : 26576, 11, 2024/05/29, 16:06:11.736, 4548356043376, vstest.console.dll, TestRunRequest:SendTestRunStatsChange: Completed.
TpTrace Verbose: 0 : 26576, 11, 2024/05/29, 16:06:11.737, 4548356047190, vstest.console.dll, ParallelProxyExecutionManager: HandlePartialRunComplete: Total workloads = 1, Total started clients = 1 Total completed clients = 1, Run complete = True, Run canceled: False.
TpTrace Verbose: 0 : 26576, 11, 2024/05/29, 16:06:11.737, 4548356048197, vstest.console.dll, ParallelProxyExecutionManager: HandlePartialRunComplete: All runs completed stopping all managers.
TpTrace Verbose: 0 : 26576, 11, 2024/05/29, 16:06:11.737, 4548356048874, vstest.console.dll, ParallelOperationManager.StopAllManagers: Stopping all managers.
TpTrace Verbose: 0 : 26576, 11, 2024/05/29, 16:06:11.737, 4548356050786, vstest.console.dll, ParallelOperationManager.ClearSlots: Clearing all slots. Slots should accept more work: False
TpTrace Verbose: 0 : 26576, 11, 2024/05/29, 16:06:11.737, 4548356051826, vstest.console.dll, ParallelOperationManager.SetOccupiedSlotCount: Setting slot counts AvailableSlotCount = 1, OccupiedSlotCount = 0.
TpTrace Verbose: 0 : 26576, 11, 2024/05/29, 16:06:11.738, 4548356056932, vstest.console.dll, Occupied slots:

TpTrace Verbose: 0 : 26576, 4, 2024/05/29, 16:06:11.739, 4548356068830, vstest.console.dll, MulticastDelegateUtilities.SafeInvoke: InternalTestLoggerEvents.SendTestResult: Invoking callback 1/1 for Microsoft.VisualStudio.TestPlatform.CommandLine.Internal.ConsoleLogger., took 2 ms.
TpTrace Verbose: 0 : 26576, 4, 2024/05/29, 16:06:11.739, 4548356074734, vstest.console.dll, MulticastDelegateUtilities.SafeInvoke: InternalTestLoggerEvents.SendTestResult: Invoking callback 1/1 for Microsoft.VisualStudio.TestPlatform.CommandLine.Internal.ConsoleLogger., took 0 ms.
TpTrace Verbose: 0 : 26576, 4, 2024/05/29, 16:06:11.740, 4548356076570, vstest.console.dll, MulticastDelegateUtilities.SafeInvoke: InternalTestLoggerEvents.SendTestResult: Invoking callback 1/1 for Microsoft.VisualStudio.TestPlatform.CommandLine.Internal.ConsoleLogger., took 0 ms.
TpTrace Verbose: 0 : 26576, 4, 2024/05/29, 16:06:11.921, 4548357892012, vstest.console.dll, MulticastDelegateUtilities.SafeInvoke: InternalTestLoggerEvents.SendTestRunComplete: Invoking callback 1/2 for Microsoft.TestPlatform.Extensions.BlameDataCollector.BlameLogger., took 0 ms.
TpTrace Verbose: 0 : 26576, 4, 2024/05/29, 16:06:11.934, 4548358015336, vstest.console.dll, MulticastDelegateUtilities.SafeInvoke: InternalTestLoggerEvents.SendTestRunComplete: Invoking callback 2/2 for Microsoft.VisualStudio.TestPlatform.CommandLine.Internal.ConsoleLogger., took 12 ms.
TpTrace Verbose: 0 : 26576, 11, 2024/05/29, 16:06:11.935, 4548358024929, vstest.console.dll, TestRunRequest:TestRunComplete: Starting. IsAborted:False IsCanceled:False.
TpTrace Verbose: 0 : 26576, 11, 2024/05/29, 16:06:11.935, 4548358028110, vstest.console.dll, ParallelOperationManager.DoActionOnAllManagers: Calling an action on all managers.
TpTrace Verbose: 0 : 26576, 11, 2024/05/29, 16:06:11.937, 4548358048536, vstest.console.dll, TestLoggerManager.HandleTestRunComplete: Ignoring as the object is disposed.
TpTrace Verbose: 0 : 26576, 11, 2024/05/29, 16:06:11.937, 4548358053259, vstest.console.dll, MulticastDelegateUtilities.SafeInvoke: TestRun.TestRunComplete: Invoking callback 1/2 for Microsoft.VisualStudio.TestPlatform.CommandLine.TestRunResultAggregator., took 0 ms.
TpTrace Verbose: 0 : 26576, 11, 2024/05/29, 16:06:11.938, 4548358055801, vstest.console.dll, MulticastDelegateUtilities.SafeInvoke: TestRun.TestRunComplete: Invoking callback 2/2 for Microsoft.VisualStudio.TestPlatform.CommandLine.Processors.RunTestsArgumentExecutor+TestRunRequestEventsRegistrar., took 0 ms.
TpTrace Verbose: 0 : 26576, 1, 2024/05/29, 16:06:11.938, 4548358059911, vstest.console.dll, TestRunRequest.Dispose: Starting.
TpTrace Information: 0 : 26576, 11, 2024/05/29, 16:06:11.938, 4548358062536, vstest.console.dll, TestRunRequest:TestRunComplete: Completed.
TpTrace Verbose: 0 : 26576, 11, 2024/05/29, 16:06:11.939, 4548358068971, vstest.console.dll, TestRequestSender.SetOperationComplete: Setting operation complete.
TpTrace Information: 0 : 26576, 11, 2024/05/29, 16:06:11.939, 4548358074833, vstest.console.dll, SocketServer.Stop: Stop server endPoint: 127.0.0.1:57345
TpTrace Information: 0 : 26576, 11, 2024/05/29, 16:06:11.940, 4548358080402, vstest.console.dll, SocketServer.Stop: Cancellation requested. Stopping message loop.
TpTrace Verbose: 0 : 26576, 11, 2024/05/29, 16:06:11.941, 4548358088253, vstest.console.dll, MulticastDelegateUtilities.SafeInvoke: LengthPrefixCommunicationChannel: MessageReceived: Invoking callback 1/1 for Microsoft.VisualStudio.TestPlatform.CommunicationUtilities.TestRequestSender+<>c__DisplayClass34_0., took 472 ms.
TpTrace Information: 0 : 26576, 1, 2024/05/29, 16:06:11.941, 4548358089888, vstest.console.dll, TestRunRequest.Dispose: Completed.
TpTrace Information: 0 : 26576, 11, 2024/05/29, 16:06:11.943, 4548358113104, vstest.console.dll, SocketServer.PrivateStop: Stopping server endPoint: 127.0.0.1:57345 error: 
TpTrace Information: 0 : 26576, 1, 2024/05/29, 16:06:11.943, 4548358114459, vstest.console.dll, TestRequestManager.RunTests: run tests completed.
TpTrace Information: 0 : 26576, 1, 2024/05/29, 16:06:11.944, 4548358116523, vstest.console.dll, RunTestsArgumentProcessor:Execute: Test run is completed.
TpTrace Verbose: 0 : 26576, 1, 2024/05/29, 16:06:11.944, 4548358120108, vstest.console.dll, Executor.Execute: Exiting with exit code of 0
TpTrace Verbose: 0 : 26576, 11, 2024/05/29, 16:06:11.944, 4548358123619, vstest.console.dll, LengthPrefixCommunicationChannel.Dispose: Dispose reader and writer.
TpTrace Information: 0 : 26576, 11, 2024/05/29, 16:06:11.945, 4548358125028, vstest.console.dll, SocketServer.Stop: Raise disconnected event endPoint: 127.0.0.1:57345 error: 
TpTrace Verbose: 0 : 26576, 11, 2024/05/29, 16:06:11.945, 4548358126683, vstest.console.dll, TestRequestSender: OnTestRunAbort: Operation is already complete. Skip error message.
TpTrace Verbose: 0 : 26576, 11, 2024/05/29, 16:06:11.945, 4548358127758, vstest.console.dll, MulticastDelegateUtilities.SafeInvoke: SocketServer: ClientDisconnected: Invoking callback 1/1 for Microsoft.VisualStudio.TestPlatform.CommunicationUtilities.TestRequestSender., took 0 ms.
TpTrace Verbose: 0 : 26576, 11, 2024/05/29, 16:06:11.945, 4548358130453, vstest.console.dll, TcpClientExtensions.MessageLoopAsync: exiting MessageLoopAsync remoteEndPoint: 127.0.0.1:57346 localEndPoint: 127.0.0.1:57345
